{"/home/travis/build/npmtest/node-npmtest-nativescript-angular/test.js":{"path":"/home/travis/build/npmtest/node-npmtest-nativescript-angular/test.js","s":{"1":2,"2":2,"3":2,"4":2,"5":2,"6":2,"7":2,"8":1,"9":2,"10":2,"11":1,"12":1,"13":1,"14":1,"15":2,"16":2,"17":2,"18":2,"19":1,"20":1,"21":2,"22":2,"23":2,"24":1,"25":1,"26":1,"27":1,"28":1,"29":1,"30":1,"31":1,"32":1,"33":1,"34":1,"35":1,"36":1,"37":1,"38":1,"39":2,"40":2,"41":1,"42":2,"43":2,"44":1,"45":2,"46":2,"47":1,"48":2,"49":2,"50":1,"51":1,"52":1,"53":1,"54":1},"b":{"1":[2,1,1,1],"2":[1,1,1,1],"3":[1,1],"4":[1,1],"5":[1,1],"6":[1,1],"7":[1,1],"8":[1,1],"9":[1,1],"10":[1,1,1],"11":[1,1],"12":[1,1],"13":[1,1],"14":[1,1],"15":[1,1],"16":[1,1],"17":[1,1]},"f":{"1":2,"2":2,"3":2,"4":2,"5":2,"6":1,"7":1,"8":1,"9":2,"10":2,"11":2,"12":2,"13":1},"fnMap":{"1":{"name":"(anonymous_1)","line":12,"loc":{"start":{"line":12,"column":1},"end":{"line":12,"column":13}}},"2":{"name":"(anonymous_2)","line":19,"loc":{"start":{"line":19,"column":5},"end":{"line":19,"column":17}}},"3":{"name":"(anonymous_3)","line":23,"loc":{"start":{"line":23,"column":24},"end":{"line":23,"column":36}}},"4":{"name":"(anonymous_4)","line":61,"loc":{"start":{"line":61,"column":5},"end":{"line":61,"column":17}}},"5":{"name":"(anonymous_5)","line":82,"loc":{"start":{"line":82,"column":5},"end":{"line":82,"column":17}}},"6":{"name":"(anonymous_6)","line":91,"loc":{"start":{"line":91,"column":77},"end":{"line":94,"column":10}}},"7":{"name":"(anonymous_7)","line":112,"loc":{"start":{"line":112,"column":83},"end":{"line":115,"column":10}},"skip":true},"8":{"name":"(anonymous_8)","line":123,"loc":{"start":{"line":123,"column":77},"end":{"line":126,"column":10}},"skip":true},"9":{"name":"(anonymous_9)","line":139,"loc":{"start":{"line":139,"column":12},"end":{"line":139,"column":40}},"skip":true},"10":{"name":"(anonymous_10)","line":147,"loc":{"start":{"line":147,"column":77},"end":{"line":150,"column":10}},"skip":true},"11":{"name":"(anonymous_11)","line":158,"loc":{"start":{"line":158,"column":83},"end":{"line":161,"column":10}},"skip":true},"12":{"name":"(anonymous_12)","line":169,"loc":{"start":{"line":169,"column":79},"end":{"line":172,"column":10}},"skip":true},"13":{"name":"(anonymous_13)","line":180,"loc":{"start":{"line":180,"column":75},"end":{"line":183,"column":10}},"skip":true}},"statementMap":{"1":{"start":{"line":12,"column":0},"end":{"line":195,"column":5}},"2":{"start":{"line":14,"column":4},"end":{"line":14,"column":14}},"3":{"start":{"line":19,"column":4},"end":{"line":56,"column":9}},"4":{"start":{"line":21,"column":8},"end":{"line":21,"column":19}},"5":{"start":{"line":23,"column":8},"end":{"line":35,"column":13}},"6":{"start":{"line":24,"column":12},"end":{"line":34,"column":13}},"7":{"start":{"line":25,"column":16},"end":{"line":28,"column":30}},"8":{"start":{"line":30,"column":16},"end":{"line":33,"column":27}},"9":{"start":{"line":37,"column":8},"end":{"line":39,"column":21}},"10":{"start":{"line":40,"column":8},"end":{"line":53,"column":9}},"11":{"start":{"line":43,"column":12},"end":{"line":46,"column":14}},"12":{"start":{"line":47,"column":12},"end":{"line":47,"column":18}},"13":{"start":{"line":50,"column":12},"end":{"line":51,"column":46}},"14":{"start":{"line":52,"column":12},"end":{"line":52,"column":18}},"15":{"start":{"line":55,"column":8},"end":{"line":55,"column":35}},"16":{"start":{"line":61,"column":4},"end":{"line":63,"column":9}},"17":{"start":{"line":62,"column":8},"end":{"line":62,"column":15}},"18":{"start":{"line":64,"column":4},"end":{"line":77,"column":5}},"19":{"start":{"line":70,"column":8},"end":{"line":70,"column":14}},"20":{"start":{"line":76,"column":8},"end":{"line":76,"column":14}},"21":{"start":{"line":82,"column":4},"end":{"line":84,"column":9}},"22":{"start":{"line":83,"column":8},"end":{"line":83,"column":15}},"23":{"start":{"line":85,"column":4},"end":{"line":194,"column":5}},"24":{"start":{"line":91,"column":8},"end":{"line":99,"column":10}},"25":{"start":{"line":98,"column":12},"end":{"line":98,"column":35}},"26":{"start":{"line":102,"column":8},"end":{"line":104,"column":63}},"27":{"start":{"line":105,"column":8},"end":{"line":105,"column":14}},"28":{"start":{"line":112,"column":8},"end":{"line":121,"column":10},"skip":true},"29":{"start":{"line":119,"column":12},"end":{"line":119,"column":55},"skip":true},"30":{"start":{"line":120,"column":12},"end":{"line":120,"column":48},"skip":true},"31":{"start":{"line":123,"column":8},"end":{"line":136,"column":10},"skip":true},"32":{"start":{"line":130,"column":12},"end":{"line":130,"column":76},"skip":true},"33":{"start":{"line":131,"column":12},"end":{"line":131,"column":73},"skip":true},"34":{"start":{"line":132,"column":12},"end":{"line":132,"column":74},"skip":true},"35":{"start":{"line":133,"column":12},"end":{"line":133,"column":79},"skip":true},"36":{"start":{"line":134,"column":12},"end":{"line":134,"column":25},"skip":true},"37":{"start":{"line":135,"column":12},"end":{"line":135,"column":45},"skip":true},"38":{"start":{"line":138,"column":8},"end":{"line":145,"column":14},"skip":true},"39":{"start":{"line":143,"column":16},"end":{"line":143,"column":29},"skip":true},"40":{"start":{"line":144,"column":16},"end":{"line":144,"column":55},"skip":true},"41":{"start":{"line":147,"column":8},"end":{"line":156,"column":10},"skip":true},"42":{"start":{"line":154,"column":12},"end":{"line":154,"column":25},"skip":true},"43":{"start":{"line":155,"column":12},"end":{"line":155,"column":45},"skip":true},"44":{"start":{"line":158,"column":8},"end":{"line":167,"column":10},"skip":true},"45":{"start":{"line":165,"column":12},"end":{"line":165,"column":25},"skip":true},"46":{"start":{"line":166,"column":12},"end":{"line":166,"column":48},"skip":true},"47":{"start":{"line":169,"column":8},"end":{"line":178,"column":10},"skip":true},"48":{"start":{"line":176,"column":12},"end":{"line":176,"column":25},"skip":true},"49":{"start":{"line":177,"column":12},"end":{"line":177,"column":46},"skip":true},"50":{"start":{"line":180,"column":8},"end":{"line":189,"column":10},"skip":true},"51":{"start":{"line":187,"column":12},"end":{"line":187,"column":94},"skip":true},"52":{"start":{"line":188,"column":12},"end":{"line":188,"column":48},"skip":true},"53":{"start":{"line":192,"column":8},"end":{"line":192,"column":35},"skip":true},"54":{"start":{"line":193,"column":8},"end":{"line":193,"column":14},"skip":true}},"branchMap":{"1":{"line":25,"type":"binary-expr","locations":[{"start":{"line":25,"column":23},"end":{"line":25,"column":62}},{"start":{"line":26,"column":20},"end":{"line":26,"column":70}},{"start":{"line":27,"column":20},"end":{"line":27,"column":71}},{"start":{"line":28,"column":20},"end":{"line":28,"column":29}}]},"2":{"line":30,"type":"binary-expr","locations":[{"start":{"line":30,"column":23},"end":{"line":30,"column":37}},{"start":{"line":31,"column":20},"end":{"line":31,"column":61}},{"start":{"line":32,"column":20},"end":{"line":32,"column":70}},{"start":{"line":33,"column":20},"end":{"line":33,"column":26}}]},"3":{"line":37,"type":"cond-expr","locations":[{"start":{"line":38,"column":14},"end":{"line":38,"column":20}},{"start":{"line":39,"column":14},"end":{"line":39,"column":20}}]},"4":{"line":40,"type":"switch","locations":[{"start":{"line":42,"column":8},"end":{"line":47,"column":18}},{"start":{"line":49,"column":8},"end":{"line":52,"column":18}}]},"5":{"line":44,"type":"binary-expr","locations":[{"start":{"line":44,"column":16},"end":{"line":44,"column":44}},{"start":{"line":44,"column":48},"end":{"line":44,"column":66}}]},"6":{"line":50,"type":"binary-expr","locations":[{"start":{"line":50,"column":21},"end":{"line":50,"column":49}},{"start":{"line":50,"column":53},"end":{"line":50,"column":72}}]},"7":{"line":64,"type":"switch","locations":[{"start":{"line":69,"column":4},"end":{"line":70,"column":14}},{"start":{"line":75,"column":4},"end":{"line":76,"column":14}}]},"8":{"line":85,"type":"switch","locations":[{"start":{"line":90,"column":4},"end":{"line":105,"column":14}},{"start":{"line":111,"column":4},"end":{"line":193,"column":14},"skip":true}]},"9":{"line":91,"type":"binary-expr","locations":[{"start":{"line":91,"column":42},"end":{"line":91,"column":73}},{"start":{"line":91,"column":77},"end":{"line":99,"column":9}}]},"10":{"line":102,"type":"binary-expr","locations":[{"start":{"line":102,"column":18},"end":{"line":102,"column":32}},{"start":{"line":103,"column":12},"end":{"line":103,"column":53}},{"start":{"line":104,"column":12},"end":{"line":104,"column":61}}]},"11":{"line":112,"type":"binary-expr","locations":[{"start":{"line":112,"column":45},"end":{"line":112,"column":79},"skip":true},{"start":{"line":112,"column":83},"end":{"line":121,"column":9},"skip":true}]},"12":{"line":123,"type":"binary-expr","locations":[{"start":{"line":123,"column":42},"end":{"line":123,"column":73},"skip":true},{"start":{"line":123,"column":77},"end":{"line":136,"column":9},"skip":true}]},"13":{"line":138,"type":"binary-expr","locations":[{"start":{"line":138,"column":48},"end":{"line":138,"column":85},"skip":true},{"start":{"line":139,"column":12},"end":{"line":145,"column":13},"skip":true}]},"14":{"line":147,"type":"binary-expr","locations":[{"start":{"line":147,"column":42},"end":{"line":147,"column":73},"skip":true},{"start":{"line":147,"column":77},"end":{"line":156,"column":9},"skip":true}]},"15":{"line":158,"type":"binary-expr","locations":[{"start":{"line":158,"column":45},"end":{"line":158,"column":79},"skip":true},{"start":{"line":158,"column":83},"end":{"line":167,"column":9},"skip":true}]},"16":{"line":169,"type":"binary-expr","locations":[{"start":{"line":169,"column":43},"end":{"line":169,"column":75},"skip":true},{"start":{"line":169,"column":79},"end":{"line":178,"column":9},"skip":true}]},"17":{"line":180,"type":"binary-expr","locations":[{"start":{"line":180,"column":41},"end":{"line":180,"column":71},"skip":true},{"start":{"line":180,"column":75},"end":{"line":189,"column":9},"skip":true}]}},"code":["/* istanbul instrument in package npmtest_nativescript_angular */","/*jslint","    bitwise: true,","    browser: true,","    maxerr: 8,","    maxlen: 96,","    node: true,","    nomen: true,","    regexp: true,","    stupid: true","*/","(function () {","    'use strict';","    var local;","","","","    // run shared js-env code - pre-init","    (function () {","        // init local","        local = {};","        // init modeJs","        local.modeJs = (function () {","            try {","                return typeof navigator.userAgent === 'string' &&","                    typeof document.querySelector('body') === 'object' &&","                    typeof XMLHttpRequest.prototype.open === 'function' &&","                    'browser';","            } catch (errorCaughtBrowser) {","                return module.exports &&","                    typeof process.versions.node === 'string' &&","                    typeof require('http').createServer === 'function' &&","                    'node';","            }","        }());","        // init global","        local.global = local.modeJs === 'browser'","            ? window","            : global;","        switch (local.modeJs) {","        // re-init local from window.local","        case 'browser':","            local = local.global.utility2.objectSetDefault(","                local.global.utility2_rollup || local.global.local,","                local.global.utility2","            );","            break;","        // re-init local from example.js","        case 'node':","            local = (local.global.utility2_rollup || require('utility2'))","                .requireExampleJsFromReadme();","            break;","        }","        // export local","        local.global.local = local;","    }());","","","","    // run shared js-env code - function","    (function () {","        return;","    }());","    switch (local.modeJs) {","","","","    // run browser js-env code - function","    case 'browser':","        break;","","","","    // run node js-env code - function","    case 'node':","        break;","    }","","","","    // run shared js-env code - post-init","    (function () {","        return;","    }());","    switch (local.modeJs) {","","","","    // run browser js-env code - post-init","    case 'browser':","        local.testCase_browser_nullCase = local.testCase_browser_nullCase || function (","            options,","            onError","        ) {","        /*","         * this function will test browsers's null-case handling-behavior-behavior","         */","            onError(null, options);","        };","","        // run tests","        local.nop(local.modeTest &&","            document.querySelector('#testRunButton1') &&","            document.querySelector('#testRunButton1').click());","        break;","","","","    // run node js-env code - post-init","    /* istanbul ignore next */","    case 'node':","        local.testCase_buildApidoc_default = local.testCase_buildApidoc_default || function (","            options,","            onError","        ) {","        /*","         * this function will test buildApidoc's default handling-behavior-behavior","         */","            options = { modulePathList: module.paths };","            local.buildApidoc(options, onError);","        };","","        local.testCase_buildApp_default = local.testCase_buildApp_default || function (","            options,","            onError","        ) {","        /*","         * this function will test buildApp's default handling-behavior-behavior","         */","            local.testCase_buildReadme_default(options, local.onErrorThrow);","            local.testCase_buildLib_default(options, local.onErrorThrow);","            local.testCase_buildTest_default(options, local.onErrorThrow);","            local.testCase_buildCustomOrg_default(options, local.onErrorThrow);","            options = [];","            local.buildApp(options, onError);","        };","","        local.testCase_buildCustomOrg_default = local.testCase_buildCustomOrg_default ||","            function (options, onError) {","            /*","             * this function will test buildCustomOrg's default handling-behavior","             */","                options = {};","                local.buildCustomOrg(options, onError);","            };","","        local.testCase_buildLib_default = local.testCase_buildLib_default || function (","            options,","            onError","        ) {","        /*","         * this function will test buildLib's default handling-behavior","         */","            options = {};","            local.buildLib(options, onError);","        };","","        local.testCase_buildReadme_default = local.testCase_buildReadme_default || function (","            options,","            onError","        ) {","        /*","         * this function will test buildReadme's default handling-behavior-behavior","         */","            options = {};","            local.buildReadme(options, onError);","        };","","        local.testCase_buildTest_default = local.testCase_buildTest_default || function (","            options,","            onError","        ) {","        /*","         * this function will test buildTest's default handling-behavior","         */","            options = {};","            local.buildTest(options, onError);","        };","","        local.testCase_webpage_default = local.testCase_webpage_default || function (","            options,","            onError","        ) {","        /*","         * this function will test webpage's default handling-behavior","         */","            options = { modeCoverageMerge: true, url: local.serverLocalHost + '?modeTest=1' };","            local.browserTest(options, onError);","        };","","        // run test-server","        local.testRunServer(local);","        break;","    }","}());",""],"l":{"12":2,"14":2,"19":2,"21":2,"23":2,"24":2,"25":2,"30":1,"37":2,"40":2,"43":1,"47":1,"50":1,"52":1,"55":2,"61":2,"62":2,"64":2,"70":1,"76":1,"82":2,"83":2,"85":2,"91":1,"98":1,"102":1,"105":1,"112":1,"119":1,"120":1,"123":1,"130":1,"131":1,"132":1,"133":1,"134":1,"135":1,"138":1,"143":2,"144":2,"147":1,"154":2,"155":2,"158":1,"165":2,"166":2,"169":1,"176":2,"177":2,"180":1,"187":1,"188":1,"192":1,"193":1}},"/home/travis/build/npmtest/node-npmtest-nativescript-angular/lib.npmtest_nativescript_angular.js":{"path":"/home/travis/build/npmtest/node-npmtest-nativescript-angular/lib.npmtest_nativescript_angular.js","s":{"1":2,"2":2,"3":2,"4":2,"5":2,"6":2,"7":2,"8":1,"9":2,"10":2,"11":2,"12":2,"13":1,"14":1,"15":1,"16":1},"b":{"1":[2,1,1,1],"2":[1,1,1,1],"3":[1,1],"4":[2,2],"5":[1,1]},"f":{"1":2,"2":2,"3":2},"fnMap":{"1":{"name":"(anonymous_1)","line":12,"loc":{"start":{"line":12,"column":1},"end":{"line":12,"column":13}}},"2":{"name":"(anonymous_2)","line":19,"loc":{"start":{"line":19,"column":5},"end":{"line":19,"column":17}}},"3":{"name":"(anonymous_3)","line":23,"loc":{"start":{"line":23,"column":24},"end":{"line":23,"column":36}}}},"statementMap":{"1":{"start":{"line":12,"column":0},"end":{"line":53,"column":5}},"2":{"start":{"line":14,"column":4},"end":{"line":14,"column":14}},"3":{"start":{"line":19,"column":4},"end":{"line":52,"column":9}},"4":{"start":{"line":21,"column":8},"end":{"line":21,"column":19}},"5":{"start":{"line":23,"column":8},"end":{"line":35,"column":13}},"6":{"start":{"line":24,"column":12},"end":{"line":34,"column":13}},"7":{"start":{"line":25,"column":16},"end":{"line":28,"column":30}},"8":{"start":{"line":30,"column":16},"end":{"line":33,"column":27}},"9":{"start":{"line":37,"column":8},"end":{"line":39,"column":21}},"10":{"start":{"line":41,"column":8},"end":{"line":41,"column":54}},"11":{"start":{"line":43,"column":8},"end":{"line":43,"column":65}},"12":{"start":{"line":45,"column":8},"end":{"line":51,"column":9}},"13":{"start":{"line":46,"column":12},"end":{"line":46,"column":71}},"14":{"start":{"line":48,"column":12},"end":{"line":48,"column":35}},"15":{"start":{"line":49,"column":12},"end":{"line":49,"column":49}},"16":{"start":{"line":50,"column":12},"end":{"line":50,"column":43}}},"branchMap":{"1":{"line":25,"type":"binary-expr","locations":[{"start":{"line":25,"column":23},"end":{"line":25,"column":62}},{"start":{"line":26,"column":20},"end":{"line":26,"column":70}},{"start":{"line":27,"column":20},"end":{"line":27,"column":71}},{"start":{"line":28,"column":20},"end":{"line":28,"column":29}}]},"2":{"line":30,"type":"binary-expr","locations":[{"start":{"line":30,"column":23},"end":{"line":30,"column":37}},{"start":{"line":31,"column":20},"end":{"line":31,"column":61}},{"start":{"line":32,"column":20},"end":{"line":32,"column":70}},{"start":{"line":33,"column":20},"end":{"line":33,"column":26}}]},"3":{"line":37,"type":"cond-expr","locations":[{"start":{"line":38,"column":14},"end":{"line":38,"column":20}},{"start":{"line":39,"column":14},"end":{"line":39,"column":20}}]},"4":{"line":41,"type":"binary-expr","locations":[{"start":{"line":41,"column":16},"end":{"line":41,"column":44}},{"start":{"line":41,"column":48},"end":{"line":41,"column":53}}]},"5":{"line":45,"type":"if","locations":[{"start":{"line":45,"column":8},"end":{"line":45,"column":8}},{"start":{"line":45,"column":8},"end":{"line":45,"column":8}}]}},"code":["/* istanbul instrument in package npmtest_nativescript_angular */","/*jslint","    bitwise: true,","    browser: true,","    maxerr: 8,","    maxlen: 96,","    node: true,","    nomen: true,","    regexp: true,","    stupid: true","*/","(function () {","    'use strict';","    var local;","","","","    // run shared js-env code - pre-init","    (function () {","        // init local","        local = {};","        // init modeJs","        local.modeJs = (function () {","            try {","                return typeof navigator.userAgent === 'string' &&","                    typeof document.querySelector('body') === 'object' &&","                    typeof XMLHttpRequest.prototype.open === 'function' &&","                    'browser';","            } catch (errorCaughtBrowser) {","                return module.exports &&","                    typeof process.versions.node === 'string' &&","                    typeof require('http').createServer === 'function' &&","                    'node';","            }","        }());","        // init global","        local.global = local.modeJs === 'browser'","            ? window","            : global;","        // init utility2_rollup","        local = local.global.utility2_rollup || local;","        // init lib","        local.local = local.npmtest_nativescript_angular = local;","        // init exports","        if (local.modeJs === 'browser') {","            local.global.utility2_npmtest_nativescript_angular = local;","        } else {","            module.exports = local;","            module.exports.__dirname = __dirname;","            module.exports.module = module;","        }","    }());","}());",""],"l":{"12":2,"14":2,"19":2,"21":2,"23":2,"24":2,"25":2,"30":1,"37":2,"41":2,"43":2,"45":2,"46":1,"48":1,"49":1,"50":1}},"/home/travis/build/npmtest/node-npmtest-nativescript-angular/example.js":{"path":"/home/travis/build/npmtest/node-npmtest-nativescript-angular/example.js","s":{"1":2,"2":2,"3":2,"4":2,"5":2,"6":2,"7":2,"8":1,"9":2,"10":2,"11":2,"12":2,"13":1,"14":2,"15":2,"16":2,"17":2,"18":2,"19":0,"20":2,"21":1,"22":1,"23":1,"24":1,"25":1,"26":0,"27":0,"28":1,"29":1,"30":2,"31":0,"32":0,"33":0,"34":1,"35":2,"36":2,"37":3,"38":3,"39":3,"40":3,"41":0,"42":3,"43":3,"44":3,"45":1,"46":3,"47":1,"48":1,"49":1,"50":1,"51":1,"52":1,"53":1,"54":1,"55":1,"56":1,"57":0,"58":1,"59":6,"60":6,"61":1,"62":2,"63":0,"64":2,"65":1,"66":1,"67":0,"68":0,"69":0,"70":0,"71":0,"72":0,"73":0,"74":0,"75":0,"76":0,"77":0,"78":0,"79":0,"80":0,"81":0,"82":0,"83":0},"b":{"1":[2,1,1,1],"2":[1,1,1,1],"3":[1,1],"4":[2,2],"5":[1,1],"6":[1,1],"7":[2,0],"8":[2,1,1,1,1,1],"9":[0,2,0],"10":[1,1],"11":[2,1,1],"12":[1,0],"13":[0,2],"14":[2,0,0,0,0,0,0],"15":[0,3],"16":[3,0],"17":[1,1],"18":[0,1],"19":[1,2,0,2],"20":[1,0],"21":[1,1],"22":[0,0],"23":[0,0],"24":[0,0],"25":[0,0],"26":[0,0],"27":[0,0],"28":[0,0]},"f":{"1":2,"2":2,"3":2,"4":2,"5":2,"6":2,"7":3,"8":3,"9":3,"10":1,"11":6,"12":0},"fnMap":{"1":{"name":"(anonymous_1)","line":26,"loc":{"start":{"line":26,"column":1},"end":{"line":26,"column":13}}},"2":{"name":"(anonymous_2)","line":33,"loc":{"start":{"line":33,"column":5},"end":{"line":33,"column":17}}},"3":{"name":"(anonymous_3)","line":37,"loc":{"start":{"line":37,"column":24},"end":{"line":37,"column":36}}},"4":{"name":"(anonymous_4)","line":69,"loc":{"start":{"line":69,"column":31},"end":{"line":69,"column":48}},"skip":true},"5":{"name":"(anonymous_5)","line":78,"loc":{"start":{"line":78,"column":26},"end":{"line":78,"column":45}},"skip":true},"6":{"name":"(anonymous_6)","line":123,"loc":{"start":{"line":123,"column":33},"end":{"line":123,"column":48}},"skip":true},"7":{"name":"(anonymous_7)","line":125,"loc":{"start":{"line":125,"column":27},"end":{"line":125,"column":39}},"skip":true},"8":{"name":"(anonymous_8)","line":133,"loc":{"start":{"line":133,"column":59},"end":{"line":133,"column":74}},"skip":true},"9":{"name":"(anonymous_9)","line":143,"loc":{"start":{"line":143,"column":45},"end":{"line":143,"column":62}},"skip":true},"10":{"name":"(anonymous_10)","line":144,"loc":{"start":{"line":144,"column":73},"end":{"line":144,"column":92}},"skip":true},"11":{"name":"(anonymous_11)","line":272,"loc":{"start":{"line":272,"column":51},"end":{"line":272,"column":77}},"skip":true},"12":{"name":"(anonymous_12)","line":315,"loc":{"start":{"line":315,"column":32},"end":{"line":315,"column":61}},"skip":true}},"statementMap":{"1":{"start":{"line":26,"column":0},"end":{"line":326,"column":5}},"2":{"start":{"line":28,"column":4},"end":{"line":28,"column":14}},"3":{"start":{"line":33,"column":4},"end":{"line":60,"column":9}},"4":{"start":{"line":35,"column":8},"end":{"line":35,"column":19}},"5":{"start":{"line":37,"column":8},"end":{"line":49,"column":13}},"6":{"start":{"line":38,"column":12},"end":{"line":48,"column":13}},"7":{"start":{"line":39,"column":16},"end":{"line":42,"column":30}},"8":{"start":{"line":44,"column":16},"end":{"line":47,"column":27}},"9":{"start":{"line":51,"column":8},"end":{"line":53,"column":21}},"10":{"start":{"line":55,"column":8},"end":{"line":57,"column":45}},"11":{"start":{"line":59,"column":8},"end":{"line":59,"column":35}},"12":{"start":{"line":61,"column":4},"end":{"line":325,"column":5}},"13":{"start":{"line":69,"column":8},"end":{"line":121,"column":10},"skip":true},"14":{"start":{"line":70,"column":12},"end":{"line":88,"column":13},"skip":true},"15":{"start":{"line":76,"column":16},"end":{"line":87,"column":19},"skip":true},"16":{"start":{"line":79,"column":20},"end":{"line":86,"column":21},"skip":true},"17":{"start":{"line":82,"column":24},"end":{"line":82,"column":43},"skip":true},"18":{"start":{"line":83,"column":24},"end":{"line":83,"column":30},"skip":true},"19":{"start":{"line":85,"column":24},"end":{"line":85,"column":49},"skip":true},"20":{"start":{"line":89,"column":12},"end":{"line":107,"column":13},"skip":true},"21":{"start":{"line":92,"column":16},"end":{"line":102,"column":17},"skip":true},"22":{"start":{"line":93,"column":20},"end":{"line":93,"column":86},"skip":true},"23":{"start":{"line":94,"column":20},"end":{"line":95,"column":45},"skip":true},"24":{"start":{"line":96,"column":20},"end":{"line":96,"column":42},"skip":true},"25":{"start":{"line":97,"column":20},"end":{"line":97,"column":48},"skip":true},"26":{"start":{"line":100,"column":20},"end":{"line":100,"column":85},"skip":true},"27":{"start":{"line":101,"column":20},"end":{"line":101,"column":96},"skip":true},"28":{"start":{"line":103,"column":16},"end":{"line":103,"column":22},"skip":true},"29":{"start":{"line":106,"column":16},"end":{"line":106,"column":22},"skip":true},"30":{"start":{"line":108,"column":12},"end":{"line":120,"column":13},"skip":true},"31":{"start":{"line":114,"column":16},"end":{"line":119,"column":17},"skip":true},"32":{"start":{"line":116,"column":20},"end":{"line":116,"column":78},"skip":true},"33":{"start":{"line":118,"column":20},"end":{"line":118,"column":47},"skip":true},"34":{"start":{"line":123,"column":8},"end":{"line":141,"column":11},"skip":true},"35":{"start":{"line":124,"column":12},"end":{"line":124,"column":54},"skip":true},"36":{"start":{"line":125,"column":12},"end":{"line":140,"column":14},"skip":true},"37":{"start":{"line":126,"column":16},"end":{"line":126,"column":28},"skip":true},"38":{"start":{"line":127,"column":16},"end":{"line":127,"column":69},"skip":true},"39":{"start":{"line":128,"column":16},"end":{"line":128,"column":75},"skip":true},"40":{"start":{"line":129,"column":16},"end":{"line":131,"column":17},"skip":true},"41":{"start":{"line":130,"column":20},"end":{"line":130,"column":27},"skip":true},"42":{"start":{"line":133,"column":16},"end":{"line":137,"column":36},"skip":true},"43":{"start":{"line":134,"column":20},"end":{"line":136,"column":55},"skip":true},"44":{"start":{"line":139,"column":16},"end":{"line":139,"column":57},"skip":true},"45":{"start":{"line":143,"column":8},"end":{"line":147,"column":11},"skip":true},"46":{"start":{"line":144,"column":12},"end":{"line":146,"column":15},"skip":true},"47":{"start":{"line":145,"column":16},"end":{"line":145,"column":70},"skip":true},"48":{"start":{"line":149,"column":8},"end":{"line":149,"column":31},"skip":true},"49":{"start":{"line":150,"column":8},"end":{"line":150,"column":14},"skip":true},"50":{"start":{"line":158,"column":8},"end":{"line":158,"column":31},"skip":true},"51":{"start":{"line":160,"column":8},"end":{"line":160,"column":33},"skip":true},"52":{"start":{"line":161,"column":8},"end":{"line":161,"column":37},"skip":true},"53":{"start":{"line":162,"column":8},"end":{"line":162,"column":35},"skip":true},"54":{"start":{"line":164,"column":8},"end":{"line":164,"column":50},"skip":true},"55":{"start":{"line":166,"column":8},"end":{"line":256,"column":2},"skip":true},"56":{"start":{"line":258,"column":8},"end":{"line":286,"column":9},"skip":true},"57":{"start":{"line":259,"column":12},"end":{"line":269,"column":14},"skip":true},"58":{"start":{"line":271,"column":12},"end":{"line":285,"column":19},"skip":true},"59":{"start":{"line":274,"column":20},"end":{"line":274,"column":35},"skip":true},"60":{"start":{"line":275,"column":20},"end":{"line":284,"column":21},"skip":true},"61":{"start":{"line":277,"column":24},"end":{"line":277,"column":64},"skip":true},"62":{"start":{"line":279,"column":24},"end":{"line":279,"column":40},"skip":true},"63":{"start":{"line":281,"column":24},"end":{"line":281,"column":40},"skip":true},"64":{"start":{"line":283,"column":24},"end":{"line":283,"column":39},"skip":true},"65":{"start":{"line":288,"column":8},"end":{"line":290,"column":9},"skip":true},"66":{"start":{"line":289,"column":12},"end":{"line":289,"column":18},"skip":true},"67":{"start":{"line":291,"column":8},"end":{"line":293,"column":54},"skip":true},"68":{"start":{"line":296,"column":8},"end":{"line":301,"column":37},"skip":true},"69":{"start":{"line":303,"column":8},"end":{"line":303,"column":82},"skip":true},"70":{"start":{"line":306,"column":8},"end":{"line":308,"column":9},"skip":true},"71":{"start":{"line":307,"column":12},"end":{"line":307,"column":82},"skip":true},"72":{"start":{"line":310,"column":8},"end":{"line":312,"column":9},"skip":true},"73":{"start":{"line":311,"column":12},"end":{"line":311,"column":18},"skip":true},"74":{"start":{"line":313,"column":8},"end":{"line":313,"column":54},"skip":true},"75":{"start":{"line":314,"column":8},"end":{"line":314,"column":69},"skip":true},"76":{"start":{"line":315,"column":8},"end":{"line":323,"column":36},"skip":true},"77":{"start":{"line":316,"column":12},"end":{"line":316,"column":61},"skip":true},"78":{"start":{"line":317,"column":12},"end":{"line":320,"column":13},"skip":true},"79":{"start":{"line":318,"column":16},"end":{"line":318,"column":75},"skip":true},"80":{"start":{"line":319,"column":16},"end":{"line":319,"column":23},"skip":true},"81":{"start":{"line":321,"column":12},"end":{"line":321,"column":38},"skip":true},"82":{"start":{"line":322,"column":12},"end":{"line":322,"column":27},"skip":true},"83":{"start":{"line":324,"column":8},"end":{"line":324,"column":14},"skip":true}},"branchMap":{"1":{"line":39,"type":"binary-expr","locations":[{"start":{"line":39,"column":23},"end":{"line":39,"column":62}},{"start":{"line":40,"column":20},"end":{"line":40,"column":70}},{"start":{"line":41,"column":20},"end":{"line":41,"column":71}},{"start":{"line":42,"column":20},"end":{"line":42,"column":29}}]},"2":{"line":44,"type":"binary-expr","locations":[{"start":{"line":44,"column":23},"end":{"line":44,"column":37}},{"start":{"line":45,"column":20},"end":{"line":45,"column":61}},{"start":{"line":46,"column":20},"end":{"line":46,"column":70}},{"start":{"line":47,"column":20},"end":{"line":47,"column":26}}]},"3":{"line":51,"type":"cond-expr","locations":[{"start":{"line":52,"column":14},"end":{"line":52,"column":20}},{"start":{"line":53,"column":14},"end":{"line":53,"column":20}}]},"4":{"line":55,"type":"binary-expr","locations":[{"start":{"line":55,"column":16},"end":{"line":55,"column":44}},{"start":{"line":55,"column":49},"end":{"line":57,"column":43}}]},"5":{"line":55,"type":"cond-expr","locations":[{"start":{"line":56,"column":14},"end":{"line":56,"column":64}},{"start":{"line":57,"column":14},"end":{"line":57,"column":43}}]},"6":{"line":61,"type":"switch","locations":[{"start":{"line":68,"column":4},"end":{"line":150,"column":14},"skip":true},{"start":{"line":156,"column":4},"end":{"line":324,"column":14},"skip":true}]},"7":{"line":70,"type":"if","locations":[{"start":{"line":70,"column":12},"end":{"line":70,"column":12},"skip":true},{"start":{"line":70,"column":12},"end":{"line":70,"column":12},"skip":true}]},"8":{"line":70,"type":"binary-expr","locations":[{"start":{"line":70,"column":16},"end":{"line":70,"column":22},"skip":true},{"start":{"line":70,"column":27},"end":{"line":70,"column":32},"skip":true},{"start":{"line":71,"column":20},"end":{"line":71,"column":39},"skip":true},{"start":{"line":72,"column":20},"end":{"line":72,"column":49},"skip":true},{"start":{"line":73,"column":20},"end":{"line":73,"column":58},"skip":true},{"start":{"line":74,"column":20},"end":{"line":74,"column":69},"skip":true}]},"9":{"line":79,"type":"switch","locations":[{"start":{"line":80,"column":20},"end":{"line":80,"column":33},"skip":true},{"start":{"line":81,"column":20},"end":{"line":83,"column":30},"skip":true},{"start":{"line":84,"column":20},"end":{"line":85,"column":49},"skip":true}]},"10":{"line":89,"type":"switch","locations":[{"start":{"line":90,"column":12},"end":{"line":103,"column":22},"skip":true},{"start":{"line":105,"column":12},"end":{"line":106,"column":22},"skip":true}]},"11":{"line":89,"type":"binary-expr","locations":[{"start":{"line":89,"column":20},"end":{"line":89,"column":25},"skip":true},{"start":{"line":89,"column":29},"end":{"line":89,"column":48},"skip":true},{"start":{"line":89,"column":52},"end":{"line":89,"column":74},"skip":true}]},"12":{"line":92,"type":"if","locations":[{"start":{"line":92,"column":16},"end":{"line":92,"column":16},"skip":true},{"start":{"line":92,"column":16},"end":{"line":92,"column":16},"skip":true}]},"13":{"line":108,"type":"if","locations":[{"start":{"line":108,"column":12},"end":{"line":108,"column":12},"skip":true},{"start":{"line":108,"column":12},"end":{"line":108,"column":12},"skip":true}]},"14":{"line":108,"type":"binary-expr","locations":[{"start":{"line":108,"column":16},"end":{"line":108,"column":61},"skip":true},{"start":{"line":108,"column":66},"end":{"line":108,"column":72},"skip":true},{"start":{"line":108,"column":77},"end":{"line":108,"column":82},"skip":true},{"start":{"line":109,"column":20},"end":{"line":109,"column":39},"skip":true},{"start":{"line":110,"column":20},"end":{"line":110,"column":49},"skip":true},{"start":{"line":111,"column":20},"end":{"line":111,"column":58},"skip":true},{"start":{"line":112,"column":20},"end":{"line":112,"column":68},"skip":true}]},"15":{"line":129,"type":"if","locations":[{"start":{"line":129,"column":16},"end":{"line":129,"column":16},"skip":true},{"start":{"line":129,"column":16},"end":{"line":129,"column":16},"skip":true}]},"16":{"line":134,"type":"cond-expr","locations":[{"start":{"line":135,"column":26},"end":{"line":135,"column":29},"skip":true},{"start":{"line":136,"column":26},"end":{"line":136,"column":54},"skip":true}]},"17":{"line":164,"type":"binary-expr","locations":[{"start":{"line":164,"column":27},"end":{"line":164,"column":43},"skip":true},{"start":{"line":164,"column":47},"end":{"line":164,"column":49},"skip":true}]},"18":{"line":258,"type":"if","locations":[{"start":{"line":258,"column":8},"end":{"line":258,"column":8},"skip":true},{"start":{"line":258,"column":8},"end":{"line":258,"column":8},"skip":true}]},"19":{"line":275,"type":"switch","locations":[{"start":{"line":276,"column":20},"end":{"line":277,"column":64},"skip":true},{"start":{"line":278,"column":20},"end":{"line":279,"column":40},"skip":true},{"start":{"line":280,"column":20},"end":{"line":281,"column":40},"skip":true},{"start":{"line":282,"column":20},"end":{"line":283,"column":39},"skip":true}]},"20":{"line":288,"type":"if","locations":[{"start":{"line":288,"column":8},"end":{"line":288,"column":8},"skip":true},{"start":{"line":288,"column":8},"end":{"line":288,"column":8},"skip":true}]},"21":{"line":288,"type":"binary-expr","locations":[{"start":{"line":288,"column":12},"end":{"line":288,"column":40},"skip":true},{"start":{"line":288,"column":44},"end":{"line":288,"column":67},"skip":true}]},"22":{"line":292,"type":"binary-expr","locations":[{"start":{"line":292,"column":12},"end":{"line":292,"column":50},"skip":true},{"start":{"line":293,"column":12},"end":{"line":293,"column":53},"skip":true}]},"23":{"line":297,"type":"binary-expr","locations":[{"start":{"line":297,"column":12},"end":{"line":297,"column":78},"skip":true},{"start":{"line":298,"column":12},"end":{"line":301,"column":36},"skip":true}]},"24":{"line":303,"type":"binary-expr","locations":[{"start":{"line":303,"column":43},"end":{"line":303,"column":75},"skip":true},{"start":{"line":303,"column":79},"end":{"line":303,"column":81},"skip":true}]},"25":{"line":306,"type":"if","locations":[{"start":{"line":306,"column":8},"end":{"line":306,"column":8},"skip":true},{"start":{"line":306,"column":8},"end":{"line":306,"column":8},"skip":true}]},"26":{"line":310,"type":"if","locations":[{"start":{"line":310,"column":8},"end":{"line":310,"column":8},"skip":true},{"start":{"line":310,"column":8},"end":{"line":310,"column":8},"skip":true}]},"27":{"line":313,"type":"binary-expr","locations":[{"start":{"line":313,"column":27},"end":{"line":313,"column":43},"skip":true},{"start":{"line":313,"column":47},"end":{"line":313,"column":53},"skip":true}]},"28":{"line":317,"type":"if","locations":[{"start":{"line":317,"column":12},"end":{"line":317,"column":12},"skip":true},{"start":{"line":317,"column":12},"end":{"line":317,"column":12},"skip":true}]}},"code":["/*","example.js","","quickstart example","","instruction","    1. save this script as example.js","    2. run the shell command:","        $ npm install npmtest-nativescript-angular && PORT=8081 node example.js","    3. play with the browser-demo on http://127.0.0.1:8081","*/","","","","/* istanbul instrument in package npmtest_nativescript_angular */","/*jslint","    bitwise: true,","    browser: true,","    maxerr: 8,","    maxlen: 96,","    node: true,","    nomen: true,","    regexp: true,","    stupid: true","*/","(function () {","    'use strict';","    var local;","","","","    // run shared js-env code - pre-init","    (function () {","        // init local","        local = {};","        // init modeJs","        local.modeJs = (function () {","            try {","                return typeof navigator.userAgent === 'string' &&","                    typeof document.querySelector('body') === 'object' &&","                    typeof XMLHttpRequest.prototype.open === 'function' &&","                    'browser';","            } catch (errorCaughtBrowser) {","                return module.exports &&","                    typeof process.versions.node === 'string' &&","                    typeof require('http').createServer === 'function' &&","                    'node';","            }","        }());","        // init global","        local.global = local.modeJs === 'browser'","            ? window","            : global;","        // init utility2_rollup","        local = local.global.utility2_rollup || (local.modeJs === 'browser'","            ? local.global.utility2_npmtest_nativescript_angular","            : global.utility2_moduleExports);","        // export local","        local.global.local = local;","    }());","    switch (local.modeJs) {","","","","    // post-init","    // run browser js-env code - post-init","    /* istanbul ignore next */","    case 'browser':","        local.testRunBrowser = function (event) {","            if (!event || (event &&","                    event.currentTarget &&","                    event.currentTarget.className &&","                    event.currentTarget.className.includes &&","                    event.currentTarget.className.includes('onreset'))) {","                // reset output","                Array.from(","                    document.querySelectorAll('body > .resettable')","                ).forEach(function (element) {","                    switch (element.tagName) {","                    case 'INPUT':","                    case 'TEXTAREA':","                        element.value = '';","                        break;","                    default:","                        element.textContent = '';","                    }","                });","            }","            switch (event && event.currentTarget && event.currentTarget.id) {","            case 'testRunButton1':","                // show tests","                if (document.querySelector('#testReportDiv1').style.display === 'none') {","                    document.querySelector('#testReportDiv1').style.display = 'block';","                    document.querySelector('#testRunButton1').textContent =","                        'hide internal test';","                    local.modeTest = true;","                    local.testRunDefault(local);","                // hide tests","                } else {","                    document.querySelector('#testReportDiv1').style.display = 'none';","                    document.querySelector('#testRunButton1').textContent = 'run internal test';","                }","                break;","            // custom-case","            default:","                break;","            }","            if (document.querySelector('#inputTextareaEval1') && (!event || (event &&","                    event.currentTarget &&","                    event.currentTarget.className &&","                    event.currentTarget.className.includes &&","                    event.currentTarget.className.includes('oneval')))) {","                // try to eval input-code","                try {","                    /*jslint evil: true*/","                    eval(document.querySelector('#inputTextareaEval1').value);","                } catch (errorCaught) {","                    console.error(errorCaught);","                }","            }","        };","        // log stderr and stdout to #outputTextareaStdout1","        ['error', 'log'].forEach(function (key) {","            console[key + '_original'] = console[key];","            console[key] = function () {","                var element;","                console[key + '_original'].apply(console, arguments);","                element = document.querySelector('#outputTextareaStdout1');","                if (!element) {","                    return;","                }","                // append text to #outputTextareaStdout1","                element.value += Array.from(arguments).map(function (arg) {","                    return typeof arg === 'string'","                        ? arg","                        : JSON.stringify(arg, null, 4);","                }).join(' ') + '\\n';","                // scroll textarea to bottom","                element.scrollTop = element.scrollHeight;","            };","        });","        // init event-handling","        ['change', 'click', 'keyup'].forEach(function (event) {","            Array.from(document.querySelectorAll('.on' + event)).forEach(function (element) {","                element.addEventListener(event, local.testRunBrowser);","            });","        });","        // run tests","        local.testRunBrowser();","        break;","","","","    // run node js-env code - post-init","    /* istanbul ignore next */","    case 'node':","        // export local","        module.exports = local;","        // require modules","        local.fs = require('fs');","        local.http = require('http');","        local.url = require('url');","        // init assets","        local.assetsDict = local.assetsDict || {};","        /* jslint-ignore-begin */","        local.assetsDict['/assets.index.template.html'] = '\\","<!doctype html>\\n\\","<html lang=\"en\">\\n\\","<head>\\n\\","<meta charset=\"UTF-8\">\\n\\","<meta name=\"viewport\" content=\"width=device-width, initial-scale=1\">\\n\\","<title>{{env.npm_package_name}} (v{{env.npm_package_version}})</title>\\n\\","<style>\\n\\","/*csslint\\n\\","    box-sizing: false,\\n\\","    universal-selector: false\\n\\","*/\\n\\","* {\\n\\","    box-sizing: border-box;\\n\\","}\\n\\","body {\\n\\","    background: #dde;\\n\\","    font-family: Arial, Helvetica, sans-serif;\\n\\","    margin: 2rem;\\n\\","}\\n\\","body > * {\\n\\","    margin-bottom: 1rem;\\n\\","}\\n\\",".utility2FooterDiv {\\n\\","    margin-top: 20px;\\n\\","    text-align: center;\\n\\","}\\n\\","</style>\\n\\","<style>\\n\\","/*csslint\\n\\","*/\\n\\","textarea {\\n\\","    font-family: monospace;\\n\\","    height: 10rem;\\n\\","    width: 100%;\\n\\","}\\n\\","textarea[readonly] {\\n\\","    background: #ddd;\\n\\","}\\n\\","</style>\\n\\","</head>\\n\\","<body>\\n\\","<!-- utility2-comment\\n\\","<div id=\"ajaxProgressDiv1\" style=\"background: #d00; height: 2px; left: 0; margin: 0; padding: 0; position: fixed; top: 0; transition: background 0.5s, width 1.5s; width: 25%;\"></div>\\n\\","utility2-comment -->\\n\\","<h1>\\n\\","<!-- utility2-comment\\n\\","    <a\\n\\","        {{#if env.npm_package_homepage}}\\n\\","        href=\"{{env.npm_package_homepage}}\"\\n\\","        {{/if env.npm_package_homepage}}\\n\\","        target=\"_blank\"\\n\\","    >\\n\\","utility2-comment -->\\n\\","        {{env.npm_package_name}} (v{{env.npm_package_version}})\\n\\","<!-- utility2-comment\\n\\","    </a>\\n\\","utility2-comment -->\\n\\","</h1>\\n\\","<h3>{{env.npm_package_description}}</h3>\\n\\","<!-- utility2-comment\\n\\","<h4><a download href=\"assets.app.js\">download standalone app</a></h4>\\n\\","<button class=\"onclick onreset\" id=\"testRunButton1\">run internal test</button><br>\\n\\","<div id=\"testReportDiv1\" style=\"display: none;\"></div>\\n\\","utility2-comment -->\\n\\","\\n\\","\\n\\","\\n\\","<label>stderr and stdout</label>\\n\\","<textarea class=\"resettable\" id=\"outputTextareaStdout1\" readonly></textarea>\\n\\","<!-- utility2-comment\\n\\","{{#if isRollup}}\\n\\","<script src=\"assets.app.js\"></script>\\n\\","{{#unless isRollup}}\\n\\","utility2-comment -->\\n\\","<script src=\"assets.utility2.rollup.js\"></script>\\n\\","<script src=\"jsonp.utility2._stateInit?callback=window.utility2._stateInit\"></script>\\n\\","<script src=\"assets.npmtest_nativescript_angular.rollup.js\"></script>\\n\\","<script src=\"assets.example.js\"></script>\\n\\","<script src=\"assets.test.js\"></script>\\n\\","<!-- utility2-comment\\n\\","{{/if isRollup}}\\n\\","utility2-comment -->\\n\\","<div class=\"utility2FooterDiv\">\\n\\","    [ this app was created with\\n\\","    <a href=\"https://github.com/kaizhu256/node-utility2\" target=\"_blank\">utility2</a>\\n\\","    ]\\n\\","</div>\\n\\","</body>\\n\\","</html>\\n\\","';","        /* jslint-ignore-end */","        if (local.templateRender) {","            local.assetsDict['/'] = local.templateRender(","                local.assetsDict['/assets.index.template.html'],","                {","                    env: local.objectSetDefault(local.env, {","                        npm_package_description: 'the greatest app in the world!',","                        npm_package_name: 'my-app',","                        npm_package_nameAlias: 'my_app',","                        npm_package_version: '0.0.1'","                    })","                }","            );","        } else {","            local.assetsDict['/'] = local.assetsDict['/assets.index.template.html']","                .replace((/\\{\\{env\\.(\\w+?)\\}\\}/g), function (match0, match1) {","                    // jslint-hack","                    String(match0);","                    switch (match1) {","                    case 'npm_package_description':","                        return 'the greatest app in the world!';","                    case 'npm_package_name':","                        return 'my-app';","                    case 'npm_package_nameAlias':","                        return 'my_app';","                    case 'npm_package_version':","                        return '0.0.1';","                    }","                });","        }","        // run the cli","        if (local.global.utility2_rollup || module !== require.main) {","            break;","        }","        local.assetsDict['/assets.example.js'] =","            local.assetsDict['/assets.example.js'] ||","            local.fs.readFileSync(__filename, 'utf8');","        // bug-workaround - long $npm_package_buildCustomOrg","        /* jslint-ignore-begin */","        local.assetsDict['/assets.npmtest_nativescript_angular.rollup.js'] =","            local.assetsDict['/assets.npmtest_nativescript_angular.rollup.js'] ||","            local.fs.readFileSync(","                local.npmtest_nativescript_angular.__dirname + '/lib.npmtest_nativescript_angular.js',","                'utf8'","            ).replace((/^#!/), '//');","        /* jslint-ignore-end */","        local.assetsDict['/favicon.ico'] = local.assetsDict['/favicon.ico'] || '';","        // if $npm_config_timeout_exit exists,","        // then exit this process after $npm_config_timeout_exit ms","        if (Number(process.env.npm_config_timeout_exit)) {","            setTimeout(process.exit, Number(process.env.npm_config_timeout_exit));","        }","        // start server","        if (local.global.utility2_serverHttp1) {","            break;","        }","        process.env.PORT = process.env.PORT || '8081';","        console.error('server starting on port ' + process.env.PORT);","        local.http.createServer(function (request, response) {","            request.urlParsed = local.url.parse(request.url);","            if (local.assetsDict[request.urlParsed.pathname] !== undefined) {","                response.end(local.assetsDict[request.urlParsed.pathname]);","                return;","            }","            response.statusCode = 404;","            response.end();","        }).listen(process.env.PORT);","        break;","    }","}());",""],"l":{"26":2,"28":2,"33":2,"35":2,"37":2,"38":2,"39":2,"44":1,"51":2,"55":2,"59":2,"61":2,"69":1,"70":2,"76":2,"79":2,"82":2,"83":2,"85":1,"89":2,"92":1,"93":1,"94":1,"96":1,"97":1,"100":1,"101":1,"103":1,"106":1,"108":2,"114":1,"116":1,"118":1,"123":1,"124":2,"125":2,"126":3,"127":3,"128":3,"129":3,"130":1,"133":3,"134":3,"139":3,"143":1,"144":3,"145":1,"149":1,"150":1,"158":1,"160":1,"161":1,"162":1,"164":1,"166":1,"258":1,"259":1,"271":1,"274":6,"275":6,"277":1,"279":2,"281":1,"283":2,"288":1,"289":1,"291":1,"296":1,"303":1,"306":1,"307":1,"310":1,"311":1,"313":1,"314":1,"315":1,"316":1,"317":1,"318":1,"319":1,"321":1,"322":1,"324":1}},"/home/travis/build/npmtest/node-npmtest-nativescript-angular/node_modules/nativescript-angular/index.js":{"path":"/home/travis/build/npmtest/node-npmtest-nativescript-angular/node_modules/nativescript-angular/index.js","s":{"1":1,"2":0,"3":0,"4":0,"5":2,"6":0,"7":0,"8":0,"9":0,"10":0,"11":0,"12":0,"13":0,"14":0,"15":0,"16":0,"17":0,"18":0,"19":0,"20":0,"21":0,"22":0,"23":0,"24":0,"25":0,"26":0},"b":{"1":[0,0]},"f":{"1":0},"fnMap":{"1":{"name":"__export","line":1,"loc":{"start":{"line":1,"column":0},"end":{"line":1,"column":21}}}},"statementMap":{"1":{"start":{"line":1,"column":0},"end":{"line":3,"column":1}},"2":{"start":{"line":2,"column":4},"end":{"line":2,"column":71}},"3":{"start":{"line":2,"column":21},"end":{"line":2,"column":71}},"4":{"start":{"line":2,"column":53},"end":{"line":2,"column":71}},"5":{"start":{"line":4,"column":0},"end":{"line":4,"column":23}},"6":{"start":{"line":5,"column":0},"end":{"line":5,"column":39}},"7":{"start":{"line":6,"column":0},"end":{"line":6,"column":32}},"8":{"start":{"line":7,"column":0},"end":{"line":7,"column":39}},"9":{"start":{"line":8,"column":0},"end":{"line":8,"column":30}},"10":{"start":{"line":9,"column":0},"end":{"line":9,"column":29}},"11":{"start":{"line":10,"column":0},"end":{"line":10,"column":28}},"12":{"start":{"line":11,"column":0},"end":{"line":11,"column":34}},"13":{"start":{"line":12,"column":0},"end":{"line":12,"column":46}},"14":{"start":{"line":13,"column":0},"end":{"line":13,"column":29}},"15":{"start":{"line":14,"column":0},"end":{"line":14,"column":42}},"16":{"start":{"line":15,"column":0},"end":{"line":15,"column":50}},"17":{"start":{"line":16,"column":0},"end":{"line":16,"column":36}},"18":{"start":{"line":17,"column":0},"end":{"line":17,"column":32}},"19":{"start":{"line":18,"column":0},"end":{"line":18,"column":33}},"20":{"start":{"line":19,"column":0},"end":{"line":19,"column":39}},"21":{"start":{"line":20,"column":0},"end":{"line":20,"column":55}},"22":{"start":{"line":21,"column":0},"end":{"line":21,"column":61}},"23":{"start":{"line":22,"column":0},"end":{"line":22,"column":55}},"24":{"start":{"line":23,"column":0},"end":{"line":23,"column":53}},"25":{"start":{"line":24,"column":0},"end":{"line":24,"column":53}},"26":{"start":{"line":25,"column":0},"end":{"line":25,"column":59}}},"branchMap":{"1":{"line":2,"type":"if","locations":[{"start":{"line":2,"column":21},"end":{"line":2,"column":21}},{"start":{"line":2,"column":21},"end":{"line":2,"column":21}}]}},"code":["function __export(m) {","    for (var p in m) if (!exports.hasOwnProperty(p)) exports[p] = m[p];","}","require(\"application\");","__export(require(\"./platform-common\"));","__export(require(\"./platform\"));","__export(require(\"./platform-static\"));","__export(require(\"./router\"));","__export(require(\"./forms\"));","__export(require(\"./http\"));","__export(require(\"./directives\"));","__export(require(\"./common/detached-loader\"));","__export(require(\"./trace\"));","__export(require(\"./platform-providers\"));","__export(require(\"./file-system/ns-file-system\"));","__export(require(\"./modal-dialog\"));","__export(require(\"./renderer\"));","__export(require(\"./view-util\"));","__export(require(\"./resource-loader\"));","var element_registry_1 = require(\"./element-registry\");","exports.registerElement = element_registry_1.registerElement;","exports.getViewClass = element_registry_1.getViewClass;","exports.getViewMeta = element_registry_1.getViewMeta;","exports.isKnownView = element_registry_1.isKnownView;","__export(require(\"./value-accessors/base-value-accessor\"));","//# sourceMappingURL=index.js.map"],"l":{"1":1,"2":0,"4":2,"5":0,"6":0,"7":0,"8":0,"9":0,"10":0,"11":0,"12":0,"13":0,"14":0,"15":0,"16":0,"17":0,"18":0,"19":0,"20":0,"21":0,"22":0,"23":0,"24":0,"25":0}},"/home/travis/build/npmtest/node-npmtest-nativescript-angular/node_modules/nativescript-angular/animations.js":{"path":"/home/travis/build/npmtest/node-npmtest-nativescript-angular/node_modules/nativescript-angular/animations.js","s":{"1":2,"2":2,"3":0,"4":0,"5":0,"6":0,"7":0,"8":0,"9":0,"10":1,"11":0,"12":0,"13":0,"14":0,"15":1,"16":0,"17":0,"18":1,"19":0,"20":0,"21":1,"22":0,"23":0,"24":0,"25":0,"26":1,"27":0,"28":0,"29":0},"b":{"1":[0,0]},"f":{"1":0,"2":0,"3":0,"4":0,"5":0,"6":0,"7":0},"fnMap":{"1":{"name":"(anonymous_1)","line":8,"loc":{"start":{"line":8,"column":33},"end":{"line":8,"column":51}}},"2":{"name":"InjectableAnimationEngine","line":10,"loc":{"start":{"line":10,"column":4},"end":{"line":10,"column":59}}},"3":{"name":"instantiateSupportedAnimationDriver","line":20,"loc":{"start":{"line":20,"column":0},"end":{"line":20,"column":47}}},"4":{"name":"instantiateRendererFactory","line":24,"loc":{"start":{"line":24,"column":0},"end":{"line":24,"column":60}}},"5":{"name":"instanciateDefaultStyleNormalizer","line":28,"loc":{"start":{"line":28,"column":0},"end":{"line":28,"column":45}}},"6":{"name":"(anonymous_6)","line":41,"loc":{"start":{"line":41,"column":36},"end":{"line":41,"column":48}}},"7":{"name":"NativeScriptAnimationsModule","line":42,"loc":{"start":{"line":42,"column":4},"end":{"line":42,"column":44}}}},"statementMap":{"1":{"start":{"line":1,"column":0},"end":{"line":1,"column":38}},"2":{"start":{"line":2,"column":0},"end":{"line":2,"column":55}},"3":{"start":{"line":3,"column":0},"end":{"line":3,"column":67}},"4":{"start":{"line":4,"column":0},"end":{"line":4,"column":66}},"5":{"start":{"line":5,"column":0},"end":{"line":5,"column":66}},"6":{"start":{"line":6,"column":0},"end":{"line":6,"column":61}},"7":{"start":{"line":7,"column":0},"end":{"line":7,"column":39}},"8":{"start":{"line":8,"column":0},"end":{"line":14,"column":51}},"9":{"start":{"line":9,"column":4},"end":{"line":9,"column":49}},"10":{"start":{"line":10,"column":4},"end":{"line":12,"column":5}},"11":{"start":{"line":11,"column":8},"end":{"line":11,"column":61}},"12":{"start":{"line":13,"column":4},"end":{"line":13,"column":37}},"13":{"start":{"line":15,"column":0},"end":{"line":18,"column":30}},"14":{"start":{"line":19,"column":0},"end":{"line":19,"column":62}},"15":{"start":{"line":20,"column":0},"end":{"line":22,"column":1}},"16":{"start":{"line":21,"column":4},"end":{"line":21,"column":64}},"17":{"start":{"line":23,"column":0},"end":{"line":23,"column":82}},"18":{"start":{"line":24,"column":0},"end":{"line":26,"column":1}},"19":{"start":{"line":25,"column":4},"end":{"line":25,"column":78}},"20":{"start":{"line":27,"column":0},"end":{"line":27,"column":64}},"21":{"start":{"line":28,"column":0},"end":{"line":30,"column":1}},"22":{"start":{"line":29,"column":4},"end":{"line":29,"column":57}},"23":{"start":{"line":31,"column":0},"end":{"line":31,"column":78}},"24":{"start":{"line":32,"column":0},"end":{"line":40,"column":2}},"25":{"start":{"line":41,"column":0},"end":{"line":45,"column":5}},"26":{"start":{"line":42,"column":4},"end":{"line":43,"column":5}},"27":{"start":{"line":44,"column":4},"end":{"line":44,"column":40}},"28":{"start":{"line":46,"column":0},"end":{"line":51,"column":33}},"29":{"start":{"line":52,"column":0},"end":{"line":52,"column":68}}},"branchMap":{"1":{"line":11,"type":"binary-expr","locations":[{"start":{"line":11,"column":15},"end":{"line":11,"column":52}},{"start":{"line":11,"column":56},"end":{"line":11,"column":60}}]}},"code":["var core_1 = require(\"@angular/core\");","var browser_1 = require(\"@angular/animations/browser\");","var animations_1 = require(\"@angular/platform-browser/animations\");","var animation_engine_1 = require(\"./animations/animation-engine\");","var animation_driver_1 = require(\"./animations/animation-driver\");","var nativescript_module_1 = require(\"./nativescript.module\");","var renderer_1 = require(\"./renderer\");","var InjectableAnimationEngine = (function (_super) {","    __extends(InjectableAnimationEngine, _super);","    function InjectableAnimationEngine(driver, normalizer) {","        return _super.call(this, driver, normalizer) || this;","    }","    return InjectableAnimationEngine;","}(animation_engine_1.NativeScriptAnimationEngine));","InjectableAnimationEngine = __decorate([","    core_1.Injectable(),","    __metadata(\"design:paramtypes\", [browser_1.AnimationDriver, browser_1.ɵAnimationStyleNormalizer])","], InjectableAnimationEngine);","exports.InjectableAnimationEngine = InjectableAnimationEngine;","function instantiateSupportedAnimationDriver() {","    return new animation_driver_1.NativeScriptAnimationDriver();","}","exports.instantiateSupportedAnimationDriver = instantiateSupportedAnimationDriver;","function instantiateRendererFactory(renderer, engine, zone) {","    return new animations_1.ɵAnimationRendererFactory(renderer, engine, zone);","}","exports.instantiateRendererFactory = instantiateRendererFactory;","function instanciateDefaultStyleNormalizer() {","    return new browser_1.ɵWebAnimationsStyleNormalizer();","}","exports.instanciateDefaultStyleNormalizer = instanciateDefaultStyleNormalizer;","exports.NATIVESCRIPT_ANIMATIONS_PROVIDERS = [","    { provide: browser_1.AnimationDriver, useFactory: instantiateSupportedAnimationDriver },","    { provide: browser_1.ɵAnimationStyleNormalizer, useFactory: instanciateDefaultStyleNormalizer },","    { provide: browser_1.ɵAnimationEngine, useClass: InjectableAnimationEngine }, {","        provide: core_1.RendererFactory2,","        useFactory: instantiateRendererFactory,","        deps: [renderer_1.NativeScriptRendererFactory, browser_1.ɵAnimationEngine, core_1.NgZone]","    }","];","var NativeScriptAnimationsModule = (function () {","    function NativeScriptAnimationsModule() {","    }","    return NativeScriptAnimationsModule;","}());","NativeScriptAnimationsModule = __decorate([","    core_1.NgModule({","        imports: [nativescript_module_1.NativeScriptModule],","        providers: exports.NATIVESCRIPT_ANIMATIONS_PROVIDERS,","    })","], NativeScriptAnimationsModule);","exports.NativeScriptAnimationsModule = NativeScriptAnimationsModule;","//# sourceMappingURL=animations.js.map"],"l":{"1":2,"2":2,"3":0,"4":0,"5":0,"6":0,"7":0,"8":0,"9":0,"10":1,"11":0,"13":0,"15":0,"19":0,"20":1,"21":0,"23":0,"24":1,"25":0,"27":0,"28":1,"29":0,"31":0,"32":0,"41":0,"42":1,"44":0,"46":0,"52":0}},"/home/travis/build/npmtest/node-npmtest-nativescript-angular/node_modules/nativescript-angular/collection-facade.js":{"path":"/home/travis/build/npmtest/node-npmtest-nativescript-angular/node_modules/nativescript-angular/collection-facade.js","s":{"1":1,"2":1,"3":0,"4":0,"5":0,"6":1,"7":1,"8":1,"9":1,"10":0,"11":1,"12":0,"13":1,"14":0,"15":1,"16":0,"17":0,"18":1,"19":0,"20":0,"21":0,"22":1,"23":0,"24":0,"25":0,"26":1,"27":0,"28":0,"29":0,"30":1,"31":0,"32":1,"33":0,"34":0,"35":1,"36":0,"37":1,"38":0,"39":1,"40":0,"41":0,"42":0,"43":1,"44":0,"45":0,"46":0,"47":1,"48":0,"49":0,"50":0,"51":0,"52":0,"53":1,"54":0,"55":1,"56":0,"57":1,"58":0,"59":0,"60":0,"61":0,"62":0,"63":1,"64":0,"65":0,"66":0,"67":0,"68":0,"69":0,"70":1,"71":0,"72":0,"73":0,"74":0,"75":0,"76":1,"77":0,"78":1,"79":0,"80":0,"81":0,"82":1,"83":0,"84":1,"85":0,"86":1,"87":0,"88":0,"89":0,"90":0,"91":0,"92":0,"93":0,"94":0,"95":0,"96":0,"97":0,"98":0,"99":0,"100":1,"101":0,"102":0,"103":0,"104":1,"105":0,"106":0,"107":1,"108":1,"109":1,"110":0,"111":0,"112":0,"113":0,"114":0,"115":0,"116":0},"b":{"1":[0,0],"2":[0,0,0],"3":[0,0],"4":[0,0],"5":[0,0],"6":[0,0],"7":[0,0],"8":[0,0],"9":[0,0],"10":[0,0],"11":[0,0],"12":[0,0],"13":[0,0],"14":[0,0],"15":[0,0],"16":[0,0],"17":[0,0],"18":[0,0],"19":[0,0],"20":[0,0],"21":[0,0]},"f":{"1":0,"2":1,"3":0,"4":0,"5":0,"6":0,"7":0,"8":0,"9":0,"10":0,"11":0,"12":0,"13":0,"14":0,"15":0,"16":0,"17":0,"18":0,"19":0,"20":0,"21":0,"22":0,"23":0,"24":0,"25":0,"26":0,"27":0,"28":0,"29":0,"30":0},"fnMap":{"1":{"name":"isListLikeIterable","line":4,"loc":{"start":{"line":4,"column":0},"end":{"line":4,"column":33}}},"2":{"name":"(anonymous_2)","line":12,"loc":{"start":{"line":12,"column":19},"end":{"line":12,"column":31}}},"3":{"name":"ListWrapper","line":13,"loc":{"start":{"line":13,"column":4},"end":{"line":13,"column":27}}},"4":{"name":"(anonymous_4)","line":17,"loc":{"start":{"line":17,"column":34},"end":{"line":17,"column":50}}},"5":{"name":"(anonymous_5)","line":18,"loc":{"start":{"line":18,"column":37},"end":{"line":18,"column":53}}},"6":{"name":"(anonymous_6)","line":19,"loc":{"start":{"line":19,"column":24},"end":{"line":19,"column":41}}},"7":{"name":"(anonymous_7)","line":20,"loc":{"start":{"line":20,"column":35},"end":{"line":20,"column":56}}},"8":{"name":"(anonymous_8)","line":25,"loc":{"start":{"line":25,"column":24},"end":{"line":25,"column":41}}},"9":{"name":"(anonymous_9)","line":30,"loc":{"start":{"line":30,"column":23},"end":{"line":30,"column":40}}},"10":{"name":"(anonymous_10)","line":35,"loc":{"start":{"line":35,"column":26},"end":{"line":35,"column":62}}},"11":{"name":"(anonymous_11)","line":39,"loc":{"start":{"line":39,"column":27},"end":{"line":39,"column":47}}},"12":{"name":"(anonymous_12)","line":40,"loc":{"start":{"line":40,"column":27},"end":{"line":40,"column":44}}},"13":{"name":"(anonymous_13)","line":44,"loc":{"start":{"line":44,"column":25},"end":{"line":44,"column":41}}},"14":{"name":"(anonymous_14)","line":45,"loc":{"start":{"line":45,"column":25},"end":{"line":45,"column":55}}},"15":{"name":"(anonymous_15)","line":46,"loc":{"start":{"line":46,"column":27},"end":{"line":46,"column":50}}},"16":{"name":"(anonymous_16)","line":51,"loc":{"start":{"line":51,"column":28},"end":{"line":51,"column":51}}},"17":{"name":"(anonymous_17)","line":57,"loc":{"start":{"line":57,"column":25},"end":{"line":57,"column":45}}},"18":{"name":"(anonymous_18)","line":65,"loc":{"start":{"line":65,"column":24},"end":{"line":65,"column":40}}},"19":{"name":"(anonymous_19)","line":66,"loc":{"start":{"line":66,"column":26},"end":{"line":66,"column":42}}},"20":{"name":"(anonymous_20)","line":67,"loc":{"start":{"line":67,"column":23},"end":{"line":67,"column":58}}},"21":{"name":"(anonymous_21)","line":72,"loc":{"start":{"line":72,"column":25},"end":{"line":72,"column":41}}},"22":{"name":"(anonymous_22)","line":81,"loc":{"start":{"line":81,"column":24},"end":{"line":81,"column":47}}},"23":{"name":"(anonymous_23)","line":86,"loc":{"start":{"line":86,"column":25},"end":{"line":86,"column":52}}},"24":{"name":"(anonymous_24)","line":87,"loc":{"start":{"line":87,"column":23},"end":{"line":87,"column":47}}},"25":{"name":"(anonymous_25)","line":95,"loc":{"start":{"line":95,"column":27},"end":{"line":95,"column":40}}},"26":{"name":"(anonymous_26)","line":96,"loc":{"start":{"line":96,"column":25},"end":{"line":96,"column":38}}},"27":{"name":"(anonymous_27)","line":97,"loc":{"start":{"line":97,"column":26},"end":{"line":97,"column":53}}},"28":{"name":"(anonymous_28)","line":116,"loc":{"start":{"line":116,"column":26},"end":{"line":116,"column":42}}},"29":{"name":"(anonymous_29)","line":121,"loc":{"start":{"line":121,"column":25},"end":{"line":121,"column":49}}},"30":{"name":"_flattenArray","line":129,"loc":{"start":{"line":129,"column":0},"end":{"line":129,"column":39}}}},"statementMap":{"1":{"start":{"line":3,"column":0},"end":{"line":3,"column":45}},"2":{"start":{"line":4,"column":0},"end":{"line":10,"column":1}},"3":{"start":{"line":5,"column":4},"end":{"line":6,"column":21}},"4":{"start":{"line":6,"column":8},"end":{"line":6,"column":21}},"5":{"start":{"line":7,"column":4},"end":{"line":9,"column":54}},"6":{"start":{"line":11,"column":0},"end":{"line":11,"column":48}},"7":{"start":{"line":12,"column":0},"end":{"line":127,"column":5}},"8":{"start":{"line":13,"column":4},"end":{"line":14,"column":5}},"9":{"start":{"line":17,"column":4},"end":{"line":17,"column":78}},"10":{"start":{"line":17,"column":52},"end":{"line":17,"column":75}},"11":{"start":{"line":18,"column":4},"end":{"line":18,"column":81}},"12":{"start":{"line":18,"column":55},"end":{"line":18,"column":78}},"13":{"start":{"line":19,"column":4},"end":{"line":19,"column":68}},"14":{"start":{"line":19,"column":43},"end":{"line":19,"column":65}},"15":{"start":{"line":20,"column":4},"end":{"line":24,"column":6}},"16":{"start":{"line":21,"column":8},"end":{"line":23,"column":9}},"17":{"start":{"line":22,"column":12},"end":{"line":22,"column":28}},"18":{"start":{"line":25,"column":4},"end":{"line":29,"column":6}},"19":{"start":{"line":26,"column":8},"end":{"line":27,"column":24}},"20":{"start":{"line":27,"column":12},"end":{"line":27,"column":24}},"21":{"start":{"line":28,"column":8},"end":{"line":28,"column":24}},"22":{"start":{"line":30,"column":4},"end":{"line":34,"column":6}},"23":{"start":{"line":31,"column":8},"end":{"line":32,"column":24}},"24":{"start":{"line":32,"column":12},"end":{"line":32,"column":24}},"25":{"start":{"line":33,"column":8},"end":{"line":33,"column":39}},"26":{"start":{"line":35,"column":4},"end":{"line":38,"column":6}},"27":{"start":{"line":36,"column":8},"end":{"line":36,"column":54}},"28":{"start":{"line":36,"column":37},"end":{"line":36,"column":52}},"29":{"start":{"line":37,"column":8},"end":{"line":37,"column":48}},"30":{"start":{"line":39,"column":4},"end":{"line":39,"column":83}},"31":{"start":{"line":39,"column":49},"end":{"line":39,"column":80}},"32":{"start":{"line":40,"column":4},"end":{"line":43,"column":6}},"33":{"start":{"line":41,"column":8},"end":{"line":41,"column":41}},"34":{"start":{"line":42,"column":8},"end":{"line":42,"column":27}},"35":{"start":{"line":44,"column":4},"end":{"line":44,"column":65}},"36":{"start":{"line":44,"column":43},"end":{"line":44,"column":62}},"37":{"start":{"line":45,"column":4},"end":{"line":45,"column":89}},"38":{"start":{"line":45,"column":57},"end":{"line":45,"column":86}},"39":{"start":{"line":46,"column":4},"end":{"line":50,"column":6}},"40":{"start":{"line":47,"column":8},"end":{"line":47,"column":30}},"41":{"start":{"line":48,"column":8},"end":{"line":48,"column":30}},"42":{"start":{"line":49,"column":8},"end":{"line":49,"column":19}},"43":{"start":{"line":51,"column":4},"end":{"line":56,"column":6}},"44":{"start":{"line":52,"column":8},"end":{"line":55,"column":9}},"45":{"start":{"line":53,"column":12},"end":{"line":53,"column":47}},"46":{"start":{"line":54,"column":12},"end":{"line":54,"column":34}},"47":{"start":{"line":57,"column":4},"end":{"line":64,"column":6}},"48":{"start":{"line":58,"column":8},"end":{"line":58,"column":37}},"49":{"start":{"line":59,"column":8},"end":{"line":62,"column":9}},"50":{"start":{"line":60,"column":12},"end":{"line":60,"column":34}},"51":{"start":{"line":61,"column":12},"end":{"line":61,"column":24}},"52":{"start":{"line":63,"column":8},"end":{"line":63,"column":21}},"53":{"start":{"line":65,"column":4},"end":{"line":65,"column":61}},"54":{"start":{"line":65,"column":42},"end":{"line":65,"column":58}},"55":{"start":{"line":66,"column":4},"end":{"line":66,"column":71}},"56":{"start":{"line":66,"column":44},"end":{"line":66,"column":68}},"57":{"start":{"line":67,"column":4},"end":{"line":71,"column":6}},"58":{"start":{"line":68,"column":8},"end":{"line":68,"column":44}},"59":{"start":{"line":68,"column":32},"end":{"line":68,"column":42}},"60":{"start":{"line":69,"column":8},"end":{"line":69,"column":43}},"61":{"start":{"line":69,"column":30},"end":{"line":69,"column":41}},"62":{"start":{"line":70,"column":8},"end":{"line":70,"column":66}},"63":{"start":{"line":72,"column":4},"end":{"line":80,"column":6}},"64":{"start":{"line":73,"column":8},"end":{"line":74,"column":25}},"65":{"start":{"line":74,"column":12},"end":{"line":74,"column":25}},"66":{"start":{"line":75,"column":8},"end":{"line":78,"column":9}},"67":{"start":{"line":76,"column":12},"end":{"line":77,"column":29}},"68":{"start":{"line":77,"column":16},"end":{"line":77,"column":29}},"69":{"start":{"line":79,"column":8},"end":{"line":79,"column":20}},"70":{"start":{"line":81,"column":4},"end":{"line":85,"column":6}},"71":{"start":{"line":82,"column":8},"end":{"line":82,"column":42}},"72":{"start":{"line":82,"column":31},"end":{"line":82,"column":40}},"73":{"start":{"line":83,"column":8},"end":{"line":83,"column":41}},"74":{"start":{"line":83,"column":29},"end":{"line":83,"column":39}},"75":{"start":{"line":84,"column":8},"end":{"line":84,"column":59}},"76":{"start":{"line":86,"column":4},"end":{"line":86,"column":87}},"77":{"start":{"line":86,"column":54},"end":{"line":86,"column":84}},"78":{"start":{"line":87,"column":4},"end":{"line":94,"column":6}},"79":{"start":{"line":88,"column":8},"end":{"line":93,"column":9}},"80":{"start":{"line":89,"column":12},"end":{"line":89,"column":30}},"81":{"start":{"line":92,"column":12},"end":{"line":92,"column":21}},"82":{"start":{"line":95,"column":4},"end":{"line":95,"column":65}},"83":{"start":{"line":95,"column":42},"end":{"line":95,"column":62}},"84":{"start":{"line":96,"column":4},"end":{"line":96,"column":68}},"85":{"start":{"line":96,"column":40},"end":{"line":96,"column":65}},"86":{"start":{"line":97,"column":4},"end":{"line":115,"column":6}},"87":{"start":{"line":98,"column":8},"end":{"line":100,"column":9}},"88":{"start":{"line":99,"column":12},"end":{"line":99,"column":24}},"89":{"start":{"line":101,"column":8},"end":{"line":101,"column":28}},"90":{"start":{"line":102,"column":8},"end":{"line":102,"column":33}},"91":{"start":{"line":103,"column":8},"end":{"line":113,"column":9}},"92":{"start":{"line":104,"column":12},"end":{"line":104,"column":40}},"93":{"start":{"line":105,"column":12},"end":{"line":107,"column":13}},"94":{"start":{"line":106,"column":16},"end":{"line":106,"column":25}},"95":{"start":{"line":108,"column":12},"end":{"line":108,"column":54}},"96":{"start":{"line":109,"column":12},"end":{"line":112,"column":13}},"97":{"start":{"line":110,"column":16},"end":{"line":110,"column":37}},"98":{"start":{"line":111,"column":16},"end":{"line":111,"column":42}},"99":{"start":{"line":114,"column":8},"end":{"line":114,"column":24}},"100":{"start":{"line":116,"column":4},"end":{"line":120,"column":6}},"101":{"start":{"line":117,"column":8},"end":{"line":117,"column":24}},"102":{"start":{"line":118,"column":8},"end":{"line":118,"column":36}},"103":{"start":{"line":119,"column":8},"end":{"line":119,"column":22}},"104":{"start":{"line":121,"column":4},"end":{"line":125,"column":6}},"105":{"start":{"line":122,"column":8},"end":{"line":124,"column":9}},"106":{"start":{"line":123,"column":12},"end":{"line":123,"column":33}},"107":{"start":{"line":126,"column":4},"end":{"line":126,"column":23}},"108":{"start":{"line":128,"column":0},"end":{"line":128,"column":34}},"109":{"start":{"line":129,"column":0},"end":{"line":142,"column":1}},"110":{"start":{"line":130,"column":4},"end":{"line":140,"column":5}},"111":{"start":{"line":131,"column":8},"end":{"line":139,"column":9}},"112":{"start":{"line":132,"column":12},"end":{"line":132,"column":33}},"113":{"start":{"line":133,"column":12},"end":{"line":138,"column":13}},"114":{"start":{"line":134,"column":16},"end":{"line":134,"column":44}},"115":{"start":{"line":137,"column":16},"end":{"line":137,"column":34}},"116":{"start":{"line":141,"column":4},"end":{"line":141,"column":18}}},"branchMap":{"1":{"line":5,"type":"if","locations":[{"start":{"line":5,"column":4},"end":{"line":5,"column":4}},{"start":{"line":5,"column":4},"end":{"line":5,"column":4}}]},"2":{"line":7,"type":"binary-expr","locations":[{"start":{"line":7,"column":11},"end":{"line":7,"column":37}},{"start":{"line":8,"column":9},"end":{"line":8,"column":30}},{"start":{"line":9,"column":12},"end":{"line":9,"column":52}}]},"3":{"line":26,"type":"if","locations":[{"start":{"line":26,"column":8},"end":{"line":26,"column":8}},{"start":{"line":26,"column":8},"end":{"line":26,"column":8}}]},"4":{"line":31,"type":"if","locations":[{"start":{"line":31,"column":8},"end":{"line":31,"column":8}},{"start":{"line":31,"column":8},"end":{"line":31,"column":8}}]},"5":{"line":31,"type":"binary-expr","locations":[{"start":{"line":31,"column":12},"end":{"line":31,"column":18}},{"start":{"line":31,"column":22},"end":{"line":31,"column":39}}]},"6":{"line":36,"type":"if","locations":[{"start":{"line":36,"column":8},"end":{"line":36,"column":8}},{"start":{"line":36,"column":8},"end":{"line":36,"column":8}}]},"7":{"line":59,"type":"if","locations":[{"start":{"line":59,"column":8},"end":{"line":59,"column":8}},{"start":{"line":59,"column":8},"end":{"line":59,"column":8}}]},"8":{"line":68,"type":"if","locations":[{"start":{"line":68,"column":8},"end":{"line":68,"column":8}},{"start":{"line":68,"column":8},"end":{"line":68,"column":8}}]},"9":{"line":69,"type":"if","locations":[{"start":{"line":69,"column":8},"end":{"line":69,"column":8}},{"start":{"line":69,"column":8},"end":{"line":69,"column":8}}]},"10":{"line":70,"type":"cond-expr","locations":[{"start":{"line":70,"column":47},"end":{"line":70,"column":58}},{"start":{"line":70,"column":61},"end":{"line":70,"column":64}}]},"11":{"line":73,"type":"if","locations":[{"start":{"line":73,"column":8},"end":{"line":73,"column":8}},{"start":{"line":73,"column":8},"end":{"line":73,"column":8}}]},"12":{"line":76,"type":"if","locations":[{"start":{"line":76,"column":12},"end":{"line":76,"column":12}},{"start":{"line":76,"column":12},"end":{"line":76,"column":12}}]},"13":{"line":82,"type":"if","locations":[{"start":{"line":82,"column":8},"end":{"line":82,"column":8}},{"start":{"line":82,"column":8},"end":{"line":82,"column":8}}]},"14":{"line":83,"type":"if","locations":[{"start":{"line":83,"column":8},"end":{"line":83,"column":8}},{"start":{"line":83,"column":8},"end":{"line":83,"column":8}}]},"15":{"line":84,"type":"cond-expr","locations":[{"start":{"line":84,"column":43},"end":{"line":84,"column":52}},{"start":{"line":84,"column":55},"end":{"line":84,"column":57}}]},"16":{"line":88,"type":"if","locations":[{"start":{"line":88,"column":8},"end":{"line":88,"column":8}},{"start":{"line":88,"column":8},"end":{"line":88,"column":8}}]},"17":{"line":98,"type":"if","locations":[{"start":{"line":98,"column":8},"end":{"line":98,"column":8}},{"start":{"line":98,"column":8},"end":{"line":98,"column":8}}]},"18":{"line":105,"type":"if","locations":[{"start":{"line":105,"column":12},"end":{"line":105,"column":12}},{"start":{"line":105,"column":12},"end":{"line":105,"column":12}}]},"19":{"line":109,"type":"if","locations":[{"start":{"line":109,"column":12},"end":{"line":109,"column":12}},{"start":{"line":109,"column":12},"end":{"line":109,"column":12}}]},"20":{"line":130,"type":"if","locations":[{"start":{"line":130,"column":4},"end":{"line":130,"column":4}},{"start":{"line":130,"column":4},"end":{"line":130,"column":4}}]},"21":{"line":133,"type":"if","locations":[{"start":{"line":133,"column":12},"end":{"line":133,"column":12}},{"start":{"line":133,"column":12},"end":{"line":133,"column":12}}]}},"code":["/* tslint:disable */","//Copied unexported functions from @angular/core/src/facade/collection","var lang_facade_1 = require(\"./lang-facade\");","function isListLikeIterable(obj) {","    if (!lang_facade_1.isJsObject(obj))","        return false;","    return lang_facade_1.isArray(obj) ||","        (!(obj instanceof Map) &&","            lang_facade_1.getSymbolIterator() in obj); // JS Iterable have a Symbol.iterator prop","}","exports.isListLikeIterable = isListLikeIterable;","var ListWrapper = (function () {","    function ListWrapper() {","    }","    // JS has no way to express a statically fixed size list, but dart does so we","    // keep both methods.","    ListWrapper.createFixedSize = function (size) { return new Array(size); };","    ListWrapper.createGrowableSize = function (size) { return new Array(size); };","    ListWrapper.clone = function (array) { return array.slice(0); };","    ListWrapper.forEachWithIndex = function (array, fn) {","        for (var i = 0; i < array.length; i++) {","            fn(array[i], i);","        }","    };","    ListWrapper.first = function (array) {","        if (!array)","            return null;","        return array[0];","    };","    ListWrapper.last = function (array) {","        if (!array || array.length == 0)","            return null;","        return array[array.length - 1];","    };","    ListWrapper.indexOf = function (array, value, startIndex) {","        if (startIndex === void 0) { startIndex = 0; }","        return array.indexOf(value, startIndex);","    };","    ListWrapper.contains = function (list, el) { return list.indexOf(el) !== -1; };","    ListWrapper.reversed = function (array) {","        var a = ListWrapper.clone(array);","        return a.reverse();","    };","    ListWrapper.concat = function (a, b) { return a.concat(b); };","    ListWrapper.insert = function (list, index, value) { list.splice(index, 0, value); };","    ListWrapper.removeAt = function (list, index) {","        var res = list[index];","        list.splice(index, 1);","        return res;","    };","    ListWrapper.removeAll = function (list, items) {","        for (var i = 0; i < items.length; ++i) {","            var index = list.indexOf(items[i]);","            list.splice(index, 1);","        }","    };","    ListWrapper.remove = function (list, el) {","        var index = list.indexOf(el);","        if (index > -1) {","            list.splice(index, 1);","            return true;","        }","        return false;","    };","    ListWrapper.clear = function (list) { list.length = 0; };","    ListWrapper.isEmpty = function (list) { return list.length == 0; };","    ListWrapper.fill = function (list, value, start, end) {","        if (start === void 0) { start = 0; }","        if (end === void 0) { end = null; }","        list.fill(value, start, end === null ? list.length : end);","    };","    ListWrapper.equals = function (a, b) {","        if (a.length != b.length)","            return false;","        for (var i = 0; i < a.length; ++i) {","            if (a[i] !== b[i])"," 
[...]
rt":{"line":59,"column":0},"end":{"line":59,"column":50}}},"branchMap":{"1":{"line":19,"type":"binary-expr","locations":[{"start":{"line":19,"column":20},"end":{"line":19,"column":63}},{"start":{"line":19,"column":67},"end":{"line":19,"column":71}}]},"2":{"line":28,"type":"if","locations":[{"start":{"line":28,"column":8},"end":{"line":28,"column":8}},{"start":{"line":28,"column":8},"end":{"line":28,"column":8}}]},"3":{"line":32,"type":"if","locations":[{"start":{"line":32,"column":12},"end":{"line":32,"column":12}},{"start":{"line":32,"column":12},"end":{"line":32,"column":12}}]},"4":{"line":37,"type":"cond-expr","locations":[{"start":{"line":37,"column":55},"end":{"line":37,"column":56}},{"start":{"line":37,"column":59},"end":{"line":37,"column":70}}]}},"code":["var core_1 = require(\"@angular/core\");","var forms_1 = require(\"@angular/forms\");","var lang_facade_1 = require(\"../lang-facade\");","var base_value_accessor_1 = require(\"./base-value-accessor\");","var NUMBER_VALUE_ACCESSOR = { provide: forms_1.NG_VALUE_ACCESSOR,","    useExisting: core_1.forwardRef(function () { return NumberValueAccessor; }), multi: true };","/**"," * The accessor for setting a value and listening to changes that is used by the"," * {@link NgModel}"," *"," *  ### Example"," *  ```"," *  <Slider [(ngModel)]=\"model.test\">"," *  ```"," */","var NumberValueAccessor = (function (_super) {","    __extends(NumberValueAccessor, _super);","    function NumberValueAccessor(elementRef) {","        var _this = _super.call(this, elementRef.nativeElement) || this;","        _this.onTouched = function () { };","        return _this;","    }","    NumberValueAccessor.prototype.valueChangeListener = function (event) {","        this.onChange(event.value);","    };","    NumberValueAccessor.prototype.writeValue = function (value) {","        var normalizedValue;","        if (lang_facade_1.isBlank(value)) {","            normalizedValue = 0;","        }","        else {","            if (lang_facade_1.isNumber(value)) {","                normalizedValue = value;","            }","            else {","                var parsedValue = Number(value);","                normalizedValue = isNaN(parsedValue) ? 0 : parsedValue;","            }","        }","        this.view.value = normalizedValue;","    };","    NumberValueAccessor.prototype.registerOnTouched = function (fn) { this.onTouched = fn; };","    return NumberValueAccessor;","}(base_value_accessor_1.BaseValueAccessor));","__decorate([","    core_1.HostListener(\"valueChange\", [\"$event\"]),","    __metadata(\"design:type\", Function),","    __metadata(\"design:paramtypes\", [Object]),","    __metadata(\"design:returntype\", void 0)","], NumberValueAccessor.prototype, \"valueChangeListener\", null);","NumberValueAccessor = __decorate([","    core_1.Directive({","        // tslint:disable-next-line:max-line-length directive-selector","        selector: \"Slider[ngModel], Slider[formControlName], slider[ngModel], slider[formControlName], slider[ngModel], slider[formControlName]\",","        providers: [NUMBER_VALUE_ACCESSOR]","    }),","    __metadata(\"design:paramtypes\", [core_1.ElementRef])","], NumberValueAccessor);","exports.NumberValueAccessor = NumberValueAccessor;","//# sourceMappingURL=number-value-accessor.js.map"],"l":{"1":2,"2":2,"3":2,"4":2,"5":2,"6":0,"16":2,"17":2,"18":1,"19":0,"20":0,"21":0,"23":0,"24":0,"26":0,"27":0,"28":0,"29":0,"32":0,"33":0,"36":0,"37":0,"40":0,"42":0,"43":0,"45":0,"51":0,"59":0}},"/home/travis/build/npmtest/node-npmtest-nativescript-angular/node_modules/nativescript-angular/value-accessors/selectedIndex-value-accessor.js":{"path":"/home/travis/build/npmtest/node-npmtest-nativescript-angular/node_modules/nativescript-angular/value-accessors/selectedIndex-value-accessor.js","s":{"1":2,"2":2,"3":2,"4":2,"5":2,"6":0,"7":2,"8":2,"9":1,"10":0,"11":0,"12":0,"13":0,"14":0,"15":0,"16":0,"17":0,"18":0,"19":0,"20":0,"21":0,"22":0,"23":0,"24":0,"25":0,"26":0,"27":0},"b":{"1":[0,0],"2":[0,0]},"f":{"1":0,"2":2,"3":0,"4":0,"5":0,"6":0,"7":0,"8":0},"fnMap":{"1":{"name":"(anonymous_1)","line":6,"loc":{"start":{"line":6,"column":35},"end":{"line":6,"column":47}}},"2":{"name":"(anonymous_2)","line":16,"loc":{"start":{"line":16,"column":34},"end":{"line":16,"column":52}}},"3":{"name":"SelectedIndexValueAccessor","line":18,"loc":{"start":{"line":18,"column":4},"end":{"line":18,"column":52}}},"4":{"name":"(anonymous_4)","line":20,"loc":{"start":{"line":20,"column":26},"end":{"line":20,"column":38}}},"5":{"name":"(anonymous_5)","line":23,"loc":{"start":{"line":23,"column":71},"end":{"line":23,"column":88}}},"6":{"name":"(anonymous_6)","line":26,"loc":{"start":{"line":26,"column":54},"end":{"line":26,"column":71}}},"7":{"name":"(anonymous_7)","line":32,"loc":{"start":{"line":32,"column":59},"end":{"line":32,"column":71}}},"8":{"name":"(anonymous_8)","line":36,"loc":{"start":{"line":36,"column":61},"end":{"line":36,"column":75}}}},"statementMap":{"1":{"start":{"line":1,"column":0},"end":{"line":1,"column":38}},"2":{"start":{"line":2,"column":0},"end":{"line":2,"column":40}},"3":{"start":{"line":3,"column":0},"end":{"line":3,"column":61}},"4":{"start":{"line":4,"column":0},"end":{"line":4,"column":41}},"5":{"start":{"line":5,"column":0},"end":{"line":6,"column":102}},"6":{"start":{"line":6,"column":49},"end":{"line":6,"column":83}},"7":{"start":{"line":16,"column":0},"end":{"line":38,"column":44}},"8":{"start":{"line":17,"column":4},"end":{"line":17,"column":50}},"9":{"start":{"line":18,"column":4},"end":{"line":22,"column":5}},"10":{"start":{"line":19,"column":8},"end":{"line":19,"column":72}},"11":{"start":{"line":20,"column":8},"end":{"line":20,"column":42}},"12":{"start":{"line":21,"column":8},"end":{"line":21,"column":21}},"13":{"start":{"line":23,"column":4},"end":{"line":25,"column":6}},"14":{"start":{"line":24,"column":8},"end":{"line":24,"column":35}},"15":{"start":{"line":26,"column":4},"end":{"line":31,"column":6}},"16":{"start":{"line":27,"column":8},"end":{"line":27,"column":60}},"17":{"start":{"line":28,"column":8},"end":{"line":30,"column":9}},"18":{"start":{"line":29,"column":12},"end":{"line":29,"column":60}},"19":{"start":{"line":32,"column":4},"end":{"line":35,"column":6}},"20":{"start":{"line":33,"column":8},"end":{"line":33,"column":36}},"21":{"start":{"line":34,"column":8},"end":{"line":34,"column":56}},"22":{"start":{"line":36,"column":4},"end":{"line":36,"column":100}},"23":{"start":{"line":36,"column":77},"end":{"line":36,"column":97}},"24":{"start":{"line":37,"column":4},"end":{"line":37,"column":38}},"25":{"start":{"line":39,"column":0},"end":{"line":44,"column":78}},"26":{"start":{"line":45,"column":0},"end":{"line":52,"column":31}},"27":{"start":{"line":53,"column":0},"end":{"line":53,"column":64}}},"branchMap":{"1":{"line":19,"type":"binary-expr","locations":[{"start":{"line":19,"column":20},"end":{"line":19,"column":63}},{"start":{"line":19,"column":67},"end":{"line":19,"column":71}}]},"2":{"line":28,"type":"if","locations":[{"start":{"line":28,"column":8},"end":{"line":28,"column":8}},{"start":{"line":28,"column":8},"end":{"line":28,"column":8}}]}},"code":["var core_1 = require(\"@angular/core\");","var forms_1 = require(\"@angular/forms\");","var base_value_accessor_1 = require(\"./base-value-accessor\");","var utils_1 = require(\"../common/utils\");","var SELECTED_INDEX_VALUE_ACCESSOR = { provide: forms_1.NG_VALUE_ACCESSOR,","    useExisting: core_1.forwardRef(function () { return SelectedIndexValueAccessor; }), multi: true };","/**"," * The accessor for setting a selectedIndex and listening to changes that is used by the"," * {@link NgModel} directives."," *"," *  ### Example"," *  ```"," *  <SegmentedBar [(ngModel)]=\"model.test\">"," *  ```"," */","var SelectedIndexValueAccessor = (function (_super) {","    __extends(SelectedIndexValueAccessor, _super);","    function SelectedIndexValueAccessor(elementRef) {","        var _this = _super.call(this, elementRef.nativeElement) || this;","        _this.onTouched = function () { };","        return _this;","    }","    SelectedIndexValueAccessor.prototype.selectedIndexChangeListener = function (event) {","        this.onChange(event.value);","    };","    SelectedIndexValueAccessor.prototype.writeValue = function (value) {","        this._normalizedValue = utils_1.convertToInt(value);","        if (this.viewInitialized) {","            this.view.selectedIndex = this._normalizedValue;","        }","    };","    SelectedIndexValueAccessor.prototype.ngAfterViewInit = function () {","        this.viewInitialized = true;","        this.view.selectedIndex = this._normalizedValue;","    };","    SelectedIndexValueAccessor.prototype.registerOnTouched = function (fn) { this.onTouched = fn; };","    return SelectedIndexValueAccessor;","}(base_value_accessor_1.BaseValueAccessor));","__decorate([","    core_1.HostListener(\"selectedIndexChange\", [\"$event\"]),","    __metadata(\"design:type\", Function),","    __metadata(\"design:paramtypes\", [Object]),","    __metadata(\"design:returntype\", void 0)","], SelectedIndexValueAccessor.prototype, \"selectedIndexChangeListener\", null);","SelectedIndexValueAccessor = __decorate([","    core_1.Directive({","        // tslint:disable-next-line:max-line-length directive-selector","        selector: \"SegmentedBar[ngModel], SegmentedBar[formControlName], segmentedBar[ngModel], segmentedBar[formControlName], segmented-bar[ngModel], segmented-bar[formControlName], ListPicker[ngModel], ListPicker[formControlName], listPicker[ngModel], listPicker[formControlName], list-picker[ngModel], list-picker[formControlName], TabView[ngModel], TabView[formControlName], tabView[ngModel], tabView[formControlName], tab-view[ngModel], tab-view[formControlName]\",","        providers: [SELECTED_INDEX_VALUE_ACCESSOR]","    }),","    __metadata(\"design:paramtypes\", [core_1.ElementRef])","], SelectedIndexValueAccessor);","exports.SelectedIndexValueAccessor = SelectedIndexValueAccessor;","//# sourceMappingURL=selectedIndex-value-accessor.js.map"],"l":{"1":2,"2":2,"3":2,"4":2,"5":2,"6":0,"16":2,"17":2,"18":1,"19":0,"20":0,"21":0,"23":0,"24":0,"26":0,"27":0,"28":0,"29":0,"32":0,"33":0,"34":0,"36":0,"37":0,"39":0,"45":0,"53":0}},"/home/travis/build/npmtest/node-npmtest-nativescript-angular/node_modules/nativescript-angular/common/utils.js":{"path":"/home/travis/build/npmtest/node-npmtest-nativescript-angular/node_modules/nativescript-angular/common/utils.js","s":{"1":1,"2":1,"3":0,"4":0,"5":0,"6":0,"7":0,"8":0,"9":0,"10":0,"11":1},"b":{"1":[0,0],"2":[0,0],"3":[0,0]},"f":{"1":0},"fnMap":{"1":{"name":"convertToInt","line":2,"loc":{"start":{"line":2,"column":0},"end":{"line":2,"column":29}}}},"statementMap":{"1":{"start":{"line":1,"column":0},"end":{"line":1,"column":46}},"2":{"start":{"line":2,"column":0},"end":{"line":17,"column":1}},"3":{"start":{"line":3,"column":4},"end":{"line":3,"column":24}},"4":{"start":{"line":4,"column":4},"end":{"line":15,"column":5}},"5":{"start":{"line":5,"column":8},"end":{"line":5,"column":28}},"6":{"start":{"line":8,"column":8},"end":{"line":14,"column":9}},"7":{"start":{"line":9,"column":12},"end":{"line":9,"column":36}},"8":{"start":{"line":12,"column":12},"end":{"line":12,"column":61}},"9":{"start":{"line":13,"column":12},"end":{"line":13,"column":67}},"10":{"start":{"line":16,"column":4},"end":{"line":16,"column":39}},"11":{"start":{"line":18,"column":0},"end":{"line":18,"column":36}}},"branchMap":{"1":{"line":4,"type":"if","locations":[{"start":{"line":4,"column":4},"end":{"line":4,"column":4}},{"start":{"line":4,"column":4},"end":{"line":4,"column":4}}]},"2":{"line":8,"type":"if","locations":[{"start":{"line":8,"column":8},"end":{"line":8,"column":8}},{"start":{"line":8,"column":8},"end":{"line":8,"column":8}}]},"3":{"line":13,"type":"cond-expr","locations":[{"start":{"line":13,"column":51},"end":{"line":13,"column":52}},{"start":{"line":13,"column":55},"end":{"line":13,"column":66}}]}},"code":["var lang_facade_1 = require(\"../lang-facade\");","function convertToInt(value) {","    var normalizedValue;","    if (lang_facade_1.isBlank(value)) {","        normalizedValue = 0;","    }","    else {","        if (lang_facade_1.isNumber(value)) {","            normalizedValue = value;","        }","        else {","            var parsedValue = parseInt(value.toString(), 10);","            normalizedValue = isNaN(parsedValue) ? 0 : parsedValue;","        }","    }","    return Math.round(normalizedValue);","}","exports.convertToInt = convertToInt;","//# sourceMappingURL=utils.js.map"],"l":{"1":1,"2":1,"3":0,"4":0,"5":0,"8":0,"9":0,"12":0,"13":0,"16":0,"18":1}},"/home/travis/build/npmtest/node-npmtest-nativescript-angular/node_modules/nativescript-angular/value-accessors/time-value-accessor.js":{"path":"/home/travis/build/npmtest/node-npmtest-nativescript-angular/node_modules/nativescript-angular/value-accessors/time-value-accessor.js","s":{"1":2,"2":2,"3":2,"4":2,"5":2,"6":0,"7":2,"8":2,"9":1,"10":0,"11":0,"12":0,"13":0,"14":0,"15":0,"16":0,"17":0,"18":0,"19":0,"20":0,"21":0,"22":0,"23":0,"24":0,"25":0,"26":0,"27":0,"28":0,"29":0,"30":0},"b":{"1":[0,0],"2":[0,0],"3":[0,0],"4":[0,0],"5":[0,0],"6":[0,0]},"f":{"1":0,"2":2,"3":0,"4":0,"5":0,"6":0,"7":0},"fnMap":{"1":{"name":"(anonymous_1)","line":6,"loc":{"start":{"line":6,"column":35},"end":{"line":6,"column":47}}},"2":{"name":"(anonymous_2)","line":16,"loc":{"start":{"line":16,"column":25},"end":{"line":16,"column":43}}},"3":{"name":"TimeValueAccessor","line":18,"loc":{"start":{"line":18,"column":4},"end":{"line":18,"column":43}}},"4":{"name":"(anonymous_4)","line":20,"loc":{"start":{"line":20,"column":26},"end":{"line":20,"column":38}}},"5":{"name":"(anonymous_5)","line":23,"loc":{"start":{"line":23,"column":53},"end":{"line":23,"column":70}}},"6":{"name":"(anonymous_6)","line":26,"loc":{"start":{"line":26,"column":45},"end":{"line":26,"column":62}}},"7":{"name":"(anonymous_7)","line":41,"loc":{"start":{"line":41,"column":52},"end":{"line":41,"column":66}}}},"statementMap":{"1":{"start":{"line":1,"column":0},"end":{"line":1,"column":38}},"2":{"start":{"line":2,"column":0},"end":{"line":2,"column":40}},"3":{"start":{"line":3,"column":0},"end":{"line":3,"column":46}},"4":{"start":{"line":4,"column":0},"end":{"line":4,"column":61}},"5":{"start":{"line":5,"column":0},"end":{"line":6,"column":93}},"6":{"start":{"line":6,"column":49},"end":{"line":6,"column":74}},"7":{"start":{"line":16,"column":0},"end":{"line":43,"column":44}},"8":{"start":{"line":17,"column":4},"end":{"line":17,"column":41}},"9":{"start":{"line":18,"column":4},"end":{"line":22,"column":5}},"10":{"start":{"line":19,"column":8},"end":{"line":19,"column":72}},"11":{"start":{"line":20,"column":8},"end":{"line":20,"column":42}},"12":{"start":{"line":21,"column":8},"end":{"line":21,"column":21}},"13":{"start":{"line":23,"column":4},"end":{"line":25,"column":6}},"14":{"start":{"line":24,"column":8},"end":{"line":24,"column":35}},"15":{"start":{"line":26,"column":4},"end":{"line":40,"column":6}},"16":{"start":{"line":27,"column":8},"end":{"line":27,"column":80}},"17":{"start":{"line":28,"column":8},"end":{"line":38,"column":9}},"18":{"start":{"line":29,"column":12},"end":{"line":34,"column":13}},"19":{"start":{"line":30,"column":16},"end":{"line":30,"column":60}},"20":{"start":{"line":32,"column":17},"end":{"line":34,"column":13}},"21":{"start":{"line":33,"column":16},"end":{"line":33,"column":60}},"22":{"start":{"line":35,"column":12},"end":{"line":37,"column":13}},"23":{"start":{"line":36,"column":16},"end":{"line":36,"column":45}},"24":{"start":{"line":39,"column":8},"end":{"line":39,"column":41}},"25":{"start":{"line":41,"column":4},"end":{"line":41,"column":91}},"26":{"start":{"line":41,"column":68},"end":{"line":41,"column":88}},"27":{"start":{"line":42,"column":4},"end":{"line":42,"column":29}},"28":{"start":{"line":44,"column":0},"end":{"line":49,"column":60}},"29":{"start":{"line":50,"column":0},"end":{"line":57,"column":22}},"30":{"start":{"line":58,"column":0},"end":{"line":58,"column":46}}},"branchMap":{"1":{"line":19,"type":"binary-expr","locations":[{"start":{"line":19,"column":20},"end":{"line":19,"column":63}},{"start":{"line":19,"column":67},"end":{"line":19,"column":71}}]},"2":{"line":27,"type":"cond-expr","locations":[{"start":{"line":27,"column":61},"end":{"line":27,"column":71}},{"start":{"line":27,"column":74},"end":{"line":27,"column":79}}]},"3":{"line":28,"type":"if","locations":[{"start":{"line":28,"column":8},"end":{"line":28,"column":8}},{"start":{"line":28,"column":8},"end":{"line":28,"column":8}}]},"4":{"line":29,"type":"if","locations":[{"start":{"line":29,"column":12},"end":{"line":29,"column":12}},{"start":{"line":29,"column":12},"end":{"line":29,"column":12}}]},"5":{"line":32,"type":"if","locations":[{"start":{"line":32,"column":17},"end":{"line":32,"column":17}},{"start":{"line":32,"column":17},"end":{"line":32,"column":17}}]},"6":{"line":35,"type":"if","locations":[{"start":{"line":35,"column":12},"end":{"line":35,"column":12}},{"start":{"line":35,"column":12},"end":{"line":35,"column":12}}]}},"code":["var core_1 = require(\"@angular/core\");","var forms_1 = require(\"@angular/forms\");","var lang_facade_1 = require(\"../lang-facade\");","var base_value_accessor_1 = require(\"./base-value-accessor\");","var TIME_VALUE_ACCESSOR = { provide: forms_1.NG_VALUE_ACCESSOR,","    useExisting: core_1.forwardRef(function () { return TimeValueAccessor; }), multi: true };","/**"," * The accessor for setting a time and listening to changes that is used by the"," * {@link NgModel} directives."," *"," *  ### Example"," *  ```"," *  <TimePicker [(ngModel)]=\"model.test\">"," *  ```"," */","var TimeValueAccessor = (function (_super) {","    __extends(TimeValueAccessor, _super);","    function TimeValueAccessor(elementRef) {","        var _this = _super.call(this, elementRef.nativeElement) || this;","        _this.onTouched = function () { };","        return _this;","    }","    TimeValueAccessor.prototype.timeChangeListener = function (event) {","        this.onChange(event.value);","    };","    TimeValueAccessor.prototype.writeValue = function (value) {","        var normalizedValue = lang_facade_1.isBlank(value) ? new Date() : value;","        if (!lang_facade_1.isDate(normalizedValue)) {","            if (typeof normalizedValue === \"string\") {","                normalizedValue = new Date(normalizedValue);","            }","            else if (typeof normalizedValue === \"number\") {","                normalizedValue = new Date(normalizedValue);","            }","            if (!lang_facade_1.isDate(normalizedValue)) {","                normalizedValue = new Date();","            }","        }","        this.view.time = normalizedValue;","    };","    TimeValueAccessor.prototype.registerOnTouched = function (fn) { this.onTouched = fn; };","    return TimeValueAccessor;","}(base_value_accessor_1.BaseValueAccessor));","__decorate([","    core_1.HostListener(\"timeChange\", [\"$event\"]),","    __metadata(\"design:type\", Function),","    __metadata(\"design:paramtypes\", [Object]),","    __metadata(\"design:returntype\", void 0)","], TimeValueAccessor.prototype, \"timeChangeListener\", null);","TimeValueAccessor = __decorate([","    core_1.Directive({","        // tslint:disable-next-line:max-line-length directive-selector","        selector: \"TimePicker[ngModel], TimePicker[formControlName], timePicker[ngModel], timePicker[formControlName], time-picker[ngModel], time-picker[formControlName]\",","        providers: [TIME_VALUE_ACCESSOR]","    }),","    __metadata(\"design:paramtypes\", [core_1.ElementRef])","], TimeValueAccessor);","exports.TimeValueAccessor = TimeValueAccessor;","//# sourceMappingURL=time-value-accessor.js.map"],"l":{"1":2,"2":2,"3":2,"4":2,"5":2,"6":0,"16":2,"17":2,"18":1,"19":0,"20":0,"21":0,"23":0,"24":0,"26":0,"27":0,"28":0,"29":0,"30":0,"32":0,"33":0,"35":0,"36":0,"39":0,"41":0,"42":0,"44":0,"50":0,"58":0}}}